{"meta": {"format": 3, "version": "7.15.4", "timestamp": "2026-08-23T23:19:44.493569", "branch_coverage": false, "show_contexts": false}, "files": {"api\\__init__.py": {"executed_lines": [2, 3, 4, 6, 7, 8, 10, 12, 13, 14, 15, 16, 17, 18, 19, 22, 23, 24, 25, 26, 27, 28, 29, 30, 35, 36, 37, 39, 40, 42, 43, 51, 53, 54, 55, 56, 57, 60, 62, 63, 82, 83, 84, 86, 87, 88], "summary": {"covered_lines": 46, "num_statements": 54, "percent_covered": 85.18518518518519, "percent_covered_display": "85", "missing_lines": 8, "excluded_lines": 0, "percent_statements_covered": 85.18518518518519, "percent_statements_covered_display": "85"}, "missing_lines": [44, 58, 64, 65, 67, 74, 75, 76], "excluded_lines": [], "functions": {"create_app": {"executed_lines": [23, 24, 25, 26, 27, 28, 29, 30, 35, 36, 37, 39, 40, 42, 43, 51, 53, 54, 55, 60, 62, 63, 82, 83, 84, 86, 87, 88], "summary": {"covered_lines": 28, "num_statements": 28, "percent_covered": 100.0, "percent_covered_display": "100", "missing_lines": 0, "excluded_lines": 0, "percent_statements_covered": 100.0, "percent_statements_covered_display": "100"}, "missing_lines": [], "excluded_lines": [], "start_line": 22}, "create_app.index": {"executed_lines": [], "summary": {"covered_lines": 0, "num_statements": 1, "percent_covered": 0.0, "percent_covered_display": "0", "missing_lines": 1, "excluded_lines": 0, "percent_statements_covered": 0.0, "percent_statements_covered_display": "0"}, "missing_lines": [44], "excluded_lines": [], "start_line": 43}, "create_app.authenticate_request": {"executed_lines": [56, 57], "summary": {"covered_lines": 2, "num_statements": 3, "percent_covered": 66.66666666666667, "percent_covered_display": "67", "missing_lines": 1, "excluded_lines": 0, "percent_statements_covered": 66.66666666666667, "percent_statements_covered_display": "67"}, "missing_lines": [58], "excluded_lines": [], "start_line": 55}, "create_app.handle_exception": {"executed_lines": [], "summary": {"covered_lines": 0, "num_statements": 6, "percent_covered": 0.0, "percent_covered_display": "0", "missing_lines": 6, "excluded_lines": 0, "percent_statements_covered": 0.0, "percent_statements_covered_display": "0"}, "missing_lines": [64, 65, 67, 74, 75, 76], "excluded_lines": [], "start_line": 63}, "": {"executed_lines": [2, 3, 4, 6, 7, 8, 10, 12, 13, 14, 15, 16, 17, 18, 19, 22], "summary": {"covered_lines": 16, "num_statements": 16, "percent_covered": 100.0, "percent_covered_display": "100", "missing_lines": 0, "excluded_lines": 0, "percent_statements_covered": 100.0, "percent_statements_covered_display": "100"}, "missing_lines": [], "excluded_lines": [], "start_line": 1}}, "classes": {"": {"executed_lines": [2, 3, 4, 6, 7, 8, 10, 12, 13, 14, 15, 16, 17, 18, 19, 22, 23, 24, 25, 26, 27, 28, 29, 30, 35, 36, 37, 39, 40, 42, 43, 51, 53, 54, 55, 56, 57, 60, 62, 63, 82, 83, 84, 86, 87, 88], "summary": {"covered_lines": 46, "num_statements": 54, "percent_covered": 85.18518518518519, "percent_covered_display": "85", "missing_lines": 8, "excluded_lines": 0, "percent_statements_covered": 85.18518518518519, "percent_statements_covered_display": "85"}, "missing_lines": [44, 58, 64, 65, 67, 74, 75, 76], "excluded_lines": [], "start_line": 1}}}, "api\\adaptive.py": {"executed_lines": [2, 4, 5, 6, 8, 10, 13, 14, 15, 16, 17, 18, 19, 22, 24, 25, 26, 27, 28, 29, 34, 35, 38, 40, 41, 42, 43, 44, 45, 46, 47, 50, 51, 52, 53, 54, 59, 61, 62, 80, 81, 82, 83, 84, 85, 87, 88, 89, 90, 91, 92, 93, 94, 95, 96, 97, 100, 101, 102, 103, 104, 105, 106, 109, 110, 111, 112, 113, 114, 115, 116, 117, 118, 121, 123, 124, 135, 142, 143, 144, 153, 154, 155, 156, 157, 158, 159, 160, 162, 164, 166, 167, 168, 176, 177, 181, 182], "summary": {"covered_lines": 97, "num_statements": 113, "percent_covered": 85.84070796460178, "percent_covered_display": "86", "missing_lines": 16, "excluded_lines": 0, "percent_statements_covered": 85.84070796460178, "percent_statements_covered_display": "86"}, "missing_lines": [55, 56, 98, 99, 107, 108, 145, 146, 147, 148, 149, 150, 151, 161, 163, 165], "excluded_lines": [], "functions": {"_utc": {"executed_lines": [14, 15, 16, 17, 18, 19], "summary": {"covered_lines": 6, "num_statements": 6, "percent_covered": 100.0, "percent_covered_display": "100", "missing_lines": 0, "excluded_lines": 0, "percent_statements_covered": 100.0, "percent_statements_covered_display": "100"}, "missing_lines": [], "excluded_lines": [], "start_line": 13}, "fsrs_metrics": {"executed_lines": [24, 25, 26, 27, 28, 29, 34, 35], "summary": {"covered_lines": 8, "num_statements": 8, "percent_covered": 100.0, "percent_covered_display": "100", "missing_lines": 0, "excluded_lines": 0, "percent_statements_covered": 100.0, "percent_statements_covered_display": "100"}, "missing_lines": [], "excluded_lines": [], "start_line": 22}, "topic_priority": {"executed_lines": [40, 41, 42, 43, 44, 45, 46, 47], "summary": {"covered_lines": 8, "num_statements": 8, "percent_covered": 100.0, "percent_covered_display": "100", "missing_lines": 0, "excluded_lines": 0, "percent_statements_covered": 100.0, "percent_statements_covered_display": "100"}, "missing_lines": [], "excluded_lines": [], "start_line": 38}, "_due": {"executed_lines": [51, 52, 53, 54], "summary": {"covered_lines": 4, "num_statements": 6, "percent_covered": 66.66666666666667, "percent_covered_display": "67", "missing_lines": 2, "excluded_lines": 0, "percent_statements_covered": 66.66666666666667, "percent_statements_covered_display": "67"}, "missing_lines": [55, 56], "excluded_lines": [], "start_line": 50}, "rank_adaptive_candidates": {"executed_lines": [61, 62, 80, 81, 82, 83, 84, 85, 87, 88, 89, 90, 91, 92, 93, 94, 95, 96, 97, 100, 101, 102, 103, 104, 105, 106, 109, 110, 111, 112, 113, 114, 115, 116, 117, 118], "summary": {"covered_lines": 36, "num_statements": 40, "percent_covered": 90.0, "percent_covered_display": "90", "missing_lines": 4, "excluded_lines": 0, "percent_statements_covered": 90.0, "percent_statements_covered_display": "90"}, "missing_lines": [98, 99, 107, 108], "excluded_lines": [], "start_line": 59}, "build_learning_profile": {"executed_lines": [123, 124, 135, 142, 143, 144, 153, 154, 155, 156, 157, 158, 159, 160, 162, 164, 166, 167, 168, 176, 177, 181, 182], "summary": {"covered_lines": 23, "num_statements": 33, "percent_covered": 69.6969696969697, "percent_covered_display": "70", "missing_lines": 10, "excluded_lines": 0, "percent_statements_covered": 69.6969696969697, "percent_statements_covered_display": "70"}, "missing_lines": [145, 146, 147, 148, 149, 150, 151, 161, 163, 165], "excluded_lines": [], "start_line": 121}, "": {"executed_lines": [2, 4, 5, 6, 8, 10, 13, 22, 38, 50, 59, 121], "summary": {"covered_lines": 12, "num_statements": 12, "percent_covered": 100.0, "percent_covered_display": "100", "missing_lines": 0, "excluded_lines": 0, "percent_statements_covered": 100.0, "percent_statements_covered_display": "100"}, "missing_lines": [], "excluded_lines": [], "start_line": 1}}, "classes": {"": {"executed_lines": [2, 4, 5, 6, 8, 10, 13, 14, 15, 16, 17, 18, 19, 22, 24, 25, 26, 27, 28, 29, 34, 35, 38, 40, 41, 42, 43, 44, 45, 46, 47, 50, 51, 52, 53, 54, 59, 61, 62, 80, 81, 82, 83, 84, 85, 87, 88, 89, 90, 91, 92, 93, 94, 95, 96, 97, 100, 101, 102, 103, 104, 105, 106, 109, 110, 111, 112, 113, 114, 115, 116, 117, 118, 121, 123, 124, 135, 142, 143, 144, 153, 154, 155, 156, 157, 158, 159, 160, 162, 164, 166, 167, 168, 176, 177, 181, 182], "summary": {"covered_lines": 97, "num_statements": 113, "percent_covered": 85.84070796460178, "percent_covered_display": "86", "missing_lines": 16, "excluded_lines": 0, "percent_statements_covered": 85.84070796460178, "percent_statements_covered_display": "86"}, "missing_lines": [55, 56, 98, 99, 107, 108, 145, 146, 147, 148, 149, 150, 151, 161, 163, 165], "excluded_lines": [], "start_line": 1}}}, "api\\ai.py": {"executed_lines": [1, 2, 3, 4, 5, 7, 9, 12, 13, 14, 16, 18, 20, 23, 24, 25, 26, 27, 30, 33, 34, 35, 36, 37, 38, 39, 40, 41, 42, 45, 48, 49, 51, 52, 56, 57, 58, 59, 62, 63, 64, 65, 68, 69, 70, 72, 74, 76, 78, 81, 96, 97, 99, 100, 101, 102, 104, 105, 107, 110, 112, 113, 116, 118, 119, 121, 122, 123, 124, 127, 130, 131, 133, 140, 155, 156, 158, 167, 174, 203, 211, 229, 240, 241, 242, 256, 257, 259, 260, 261, 262, 263, 264, 282, 283, 286, 299], "summary": {"covered_lines": 97, "num_statements": 185, "percent_covered": 52.432432432432435, "percent_covered_display": "52", "missing_lines": 88, "excluded_lines": 0, "percent_statements_covered": 52.432432432432435, "percent_statements_covered_display": "52"}, "missing_lines": [19, 28, 29, 43, 44, 50, 60, 61, 71, 73, 75, 77, 108, 114, 117, 125, 128, 212, 213, 215, 216, 217, 219, 220, 221, 222, 223, 225, 226, 227, 231, 232, 234, 235, 236, 237, 249, 250, 251, 252, 253, 255, 274, 275, 276, 277, 278, 279, 281, 305, 306, 307, 308, 309, 310, 312, 314, 315, 316, 317, 319, 320, 321, 323, 333, 334, 335, 342, 343, 344, 345, 346, 347, 348, 350, 351, 352, 353, 354, 355, 365, 366, 367, 368, 369, 370, 371, 373], "excluded_lines": [], "functions": {"_clean_option_text": {"executed_lines": [18, 20], "summary": {"covered_lines": 2, "num_statements": 3, "percent_covered": 66.66666666666667, "percent_covered_display": "67", "missing_lines": 1, "excluded_lines": 0, "percent_statements_covered": 66.66666666666667, "percent_statements_covered_display": "67"}, "missing_lines": [19], "excluded_lines": [], "start_line": 16}, "_extract_pulo_do_gato": {"executed_lines": [24, 25, 26, 27, 30], "summary": {"covered_lines": 5, "num_statements": 7, "percent_covered": 71.42857142857143, "percent_covered_display": "71", "missing_lines": 2, "excluded_lines": 0, "percent_statements_covered": 71.42857142857143, "percent_statements_covered_display": "71"}, "missing_lines": [28, 29], "excluded_lines": [], "start_line": 23}, "_extract_why_wrong": {"executed_lines": [34, 35, 36, 37, 38, 39, 40, 41, 42, 45], "summary": {"covered_lines": 10, "num_statements": 12, "percent_covered": 83.33333333333333, "percent_covered_display": "83", "missing_lines": 2, "excluded_lines": 0, "percent_statements_covered": 83.33333333333333, "percent_statements_covered_display": "83"}, "missing_lines": [43, 44], "excluded_lines": [], "start_line": 33}, "_extract_clinical_scenario": {"executed_lines": [49, 51, 52, 56, 57, 58, 59, 62, 63, 64, 65], "summary": {"covered_lines": 11, "num_statements": 14, "percent_covered": 78.57142857142857, "percent_covered_display": "79", "missing_lines": 3, "excluded_lines": 0, "percent_statements_covered": 78.57142857142857, "percent_statements_covered_display": "79"}, "missing_lines": [50, 60, 61], "excluded_lines": [], "start_line": 48}, "_determine_question_type": {"executed_lines": [69, 70, 72, 74, 76, 78], "summary": {"covered_lines": 6, "num_statements": 10, "percent_covered": 60.0, "percent_covered_display": "60", "missing_lines": 4, "excluded_lines": 0, "percent_statements_covered": 60.0, "percent_statements_covered_display": "60"}, "missing_lines": [71, 73, 75, 77], "excluded_lines": [], "start_line": 68}, "_extract_medical_cloze_fallback": {"executed_lines": [96, 97, 99, 100, 101, 102, 104, 105, 107, 110, 112, 113, 116, 118, 119, 121, 122, 123, 124, 127, 130, 131, 133], "summary": {"covered_lines": 23, "num_statements": 28, "percent_covered": 82.14285714285714, "percent_covered_display": "82", "missing_lines": 5, "excluded_lines": 0, "percent_statements_covered": 82.14285714285714, "percent_statements_covered_display": "82"}, "missing_lines": [108, 114, 117, 125, 128], "excluded_lines": [], "start_line": 81}, "generate_cloze_flashcard": {"executed_lines": [155, 156, 158, 167, 174, 203, 211, 229, 240, 241, 242, 256, 257, 259, 260, 261, 262, 263, 264, 282, 283, 286], "summary": {"covered_lines": 22, "num_statements": 35, "percent_covered": 62.857142857142854, "percent_covered_display": "63", "missing_lines": 13, "excluded_lines": 0, "percent_statements_covered": 62.857142857142854, "percent_statements_covered_display": "63"}, "missing_lines": [249, 250, 251, 252, 253, 255, 274, 275, 276, 277, 278, 279, 281], "excluded_lines": [], "start_line": 140}, "generate_cloze_flashcard._is_low_quality": {"executed_lines": [], "summary": {"covered_lines": 0, "num_statements": 13, "percent_covered": 0.0, "percent_covered_display": "0", "missing_lines": 13, "excluded_lines": 0, "percent_statements_covered": 0.0, "percent_statements_covered_display": "0"}, "missing_lines": [212, 213, 215, 216, 217, 219, 220, 221, 222, 223, 225, 226, 227], "excluded_lines": [], "start_line": 211}, "generate_cloze_flashcard._sanitize_ai_card": {"executed_lines": [], "summary": {"covered_lines": 0, "num_statements": 6, "percent_covered": 0.0, "percent_covered_display": "0", "missing_lines": 6, "excluded_lines": 0, "percent_statements_covered": 0.0, "percent_statements_covered_display": "0"}, "missing_lines": [231, 232, 234, 235, 236, 237], "excluded_lines": [], "start_line": 229}, "expand_search_query": {"executed_lines": [], "summary": {"covered_lines": 0, "num_statements": 37, "percent_covered": 0.0, "percent_covered_display": "0", "missing_lines": 37, "excluded_lines": 0, "percent_statements_covered": 0.0, "percent_statements_covered_display": "0"}, "missing_lines": [305, 306, 307, 308, 309, 310, 312, 314, 315, 316, 317, 319, 323, 333, 334, 335, 342, 343, 344, 345, 346, 347, 348, 350, 351, 352, 353, 354, 355, 365, 366, 367, 368, 369, 370, 371, 373], "excluded_lines": [], "start_line": 299}, "expand_search_query._cache_and_return": {"executed_lines": [], "summary": {"covered_lines": 0, "num_statements": 2, "percent_covered": 0.0, "percent_covered_display": "0", "missing_lines": 2, "excluded_lines": 0, "percent_statements_covered": 0.0, "percent_statements_covered_display": "0"}, "missing_lines": [320, 321], "excluded_lines": [], "start_line": 319}, "": {"executed_lines": [1, 2, 3, 4, 5, 7, 9, 12, 13, 14, 16, 23, 33, 48, 68, 81, 140, 299], "summary": {"covered_lines": 18, "num_statements": 18, "percent_covered": 100.0, "percent_covered_display": "100", "missing_lines": 0, "excluded_lines": 0, "percent_statements_covered": 100.0, "percent_statements_covered_display": "100"}, "missing_lines": [], "excluded_lines": [], "start_line": 1}}, "classes": {"": {"executed_lines": [1, 2, 3, 4, 5, 7, 9, 12, 13, 14, 16, 18, 20, 23, 24, 25, 26, 27, 30, 33, 34, 35, 36, 37, 38, 39, 40, 41, 42, 45, 48, 49, 51, 52, 56, 57, 58, 59, 62, 63, 64, 65, 68, 69, 70, 72, 74, 76, 78, 81, 96, 97, 99, 100, 101, 102, 104, 105, 107, 110, 112, 113, 116, 118, 119, 121, 122, 123, 124, 127, 130, 131, 133, 140, 155, 156, 158, 167, 174, 203, 211, 229, 240, 241, 242, 256, 257, 259, 260, 261, 262, 263, 264, 282, 283, 286, 299], "summary": {"covered_lines": 97, "num_statements": 185, "percent_covered": 52.432432432432435, "percent_covered_display": "52", "missing_lines": 88, "excluded_lines": 0, "percent_statements_covered": 52.432432432432435, "percent_statements_covered_display": "52"}, "missing_lines": [19, 28, 29, 43, 44, 50, 60, 61, 71, 73, 75, 77, 108, 114, 117, 125, 128, 212, 213, 215, 216, 217, 219, 220, 221, 222, 223, 225, 226, 227, 231, 232, 234, 235, 236, 237, 249, 250, 251, 252, 253, 255, 274, 275, 276, 277, 278, 279, 281, 305, 306, 307, 308, 309, 310, 312, 314, 315, 316, 317, 319, 320, 321, 323, 333, 334, 335, 342, 343, 344, 345, 346, 347, 348, 350, 351, 352, 353, 354, 355, 365, 366, 367, 368, 369, 370, 371, 373], "excluded_lines": [], "start_line": 1}}}, "api\\auth.py": {"executed_lines": [1, 2, 3, 4, 5, 6, 8, 9, 11, 14, 15, 16, 17, 18, 19, 20, 21, 22, 28, 32, 35, 37, 38, 40, 41, 42, 43, 45, 46, 47, 51, 53, 54, 55, 56, 57, 58, 59, 61, 64, 65, 66, 67, 69, 70, 72, 73, 75, 76, 77, 79, 80, 82, 83, 85, 86, 88, 89, 97, 99, 100, 101, 103, 108, 109], "summary": {"covered_lines": 65, "num_statements": 76, "percent_covered": 85.52631578947368, "percent_covered_display": "86", "missing_lines": 11, "excluded_lines": 0, "percent_statements_covered": 85.52631578947368, "percent_statements_covered_display": "86"}, "missing_lines": [23, 24, 26, 62, 84, 87, 98, 102, 104, 105, 106], "excluded_lines": [], "functions": {"is_valid_uuid_v4": {"executed_lines": [37, 38, 40, 41, 42, 43, 45, 46, 47], "summary": {"covered_lines": 9, "num_statements": 9, "percent_covered": 100.0, "percent_covered_display": "100", "missing_lines": 0, "excluded_lines": 0, "percent_statements_covered": 100.0, "percent_statements_covered_display": "100"}, "missing_lines": [], "excluded_lines": [], "start_line": 35}, "require_auth": {"executed_lines": [55, 109], "summary": {"covered_lines": 2, "num_statements": 2, "percent_covered": 100.0, "percent_covered_display": "100", "missing_lines": 0, "excluded_lines": 0, "percent_statements_covered": 100.0, "percent_statements_covered_display": "100"}, "missing_lines": [], "excluded_lines": [], "start_line": 53}, "require_auth.decorated": {"executed_lines": [56, 57, 58, 59, 61, 64, 65, 66, 67, 69, 70, 72, 73, 75, 76, 77, 79, 80, 82, 83, 85, 86, 88, 89, 97, 99, 100, 101, 103, 108], "summary": {"covered_lines": 30, "num_statements": 38, "percent_covered": 78.94736842105263, "percent_covered_display": "79", "missing_lines": 8, "excluded_lines": 0, "percent_statements_covered": 78.94736842105263, "percent_statements_covered_display": "79"}, "missing_lines": [62, 84, 87, 98, 102, 104, 105, 106], "excluded_lines": [], "start_line": 55}, "": {"executed_lines": [1, 2, 3, 4, 5, 6, 8, 9, 11, 14, 15, 16, 17, 18, 19, 20, 21, 22, 28, 32, 35, 51, 53, 54], "summary": {"covered_lines": 24, "num_statements": 27, "percent_covered": 88.88888888888889, "percent_covered_display": "89", "missing_lines": 3, "excluded_lines": 0, "percent_statements_covered": 88.88888888888889, "percent_statements_covered_display": "89"}, "missing_lines": [23, 24, 26], "excluded_lines": [], "start_line": 1}}, "classes": {"": {"executed_lines": [1, 2, 3, 4, 5, 6, 8, 9, 11, 14, 15, 16, 17, 18, 19, 20, 21, 22, 28, 32, 35, 37, 38, 40, 41, 42, 43, 45, 46, 47, 51, 53, 54, 55, 56, 57, 58, 59, 61, 64, 65, 66, 67, 69, 70, 72, 73, 75, 76, 77, 79, 80, 82, 83, 85, 86, 88, 89, 97, 99, 100, 101, 103, 108, 109], "summary": {"covered_lines": 65, "num_statements": 76, "percent_covered": 85.52631578947368, "percent_covered_display": "86", "missing_lines": 11, "excluded_lines": 0, "percent_statements_covered": 85.52631578947368, "percent_statements_covered_display": "86"}, "missing_lines": [23, 24, 26, 62, 84, 87, 98, 102, 104, 105, 106], "excluded_lines": [], "start_line": 1}}}, "api\\config.py": {"executed_lines": [2, 5, 6, 7, 8], "summary": {"covered_lines": 5, "num_statements": 5, "percent_covered": 100.0, "percent_covered_display": "100", "missing_lines": 0, "excluded_lines": 0, "percent_statements_covered": 100.0, "percent_statements_covered_display": "100"}, "missing_lines": [], "excluded_lines": [], "functions": {"": {"executed_lines": [2, 5, 6, 7, 8], "summary": {"covered_lines": 5, "num_statements": 5, "percent_covered": 100.0, "percent_covered_display": "100", "missing_lines": 0, "excluded_lines": 0, "percent_statements_covered": 100.0, "percent_statements_covered_display": "100"}, "missing_lines": [], "excluded_lines": [], "start_line": 1}}, "classes": {"Config": {"executed_lines": [], "summary": {"covered_lines": 0, "num_statements": 0, "percent_covered": 100.0, "percent_covered_display": "100", "missing_lines": 0, "excluded_lines": 0, "percent_statements_covered": 100.0, "percent_statements_covered_display": "100"}, "missing_lines": [], "excluded_lines": [], "start_line": 5}, "": {"executed_lines": [2, 5, 6, 7, 8], "summary": {"covered_lines": 5, "num_statements": 5, "percent_covered": 100.0, "percent_covered_display": "100", "missing_lines": 0, "excluded_lines": 0, "percent_statements_covered": 100.0, "percent_statements_covered_display": "100"}, "missing_lines": [], "excluded_lines": [], "start_line": 1}}}, "api\\db.py": {"executed_lines": [2, 3, 4, 5, 6, 8, 9, 11, 13, 15, 16, 17, 18, 23, 26, 38, 41, 42, 43, 44, 46, 47, 49, 56, 61, 62, 63, 64, 65, 66, 67, 69, 70, 73, 74, 77, 78, 79, 80, 81, 83, 84, 86, 87, 89, 90, 91, 92, 93, 94, 99, 105, 106, 107, 109, 111, 112, 113, 117, 119, 125, 126, 128, 129, 130, 132, 133, 134, 135, 136, 137, 139, 140, 141, 142, 143, 144, 146, 147, 149, 150, 151, 155, 156, 157, 158, 159, 160, 161, 162, 163, 164, 165, 168, 170, 171, 172, 173, 178, 180, 181, 184, 186, 188, 189, 190, 191, 192, 196, 200, 204, 205, 208, 220, 221, 223, 225, 228, 234, 247, 248, 250, 252, 257, 258, 260, 261, 262, 263, 264, 265, 266, 267, 268, 269, 270, 271, 272, 275, 276, 277], "summary": {"covered_lines": 141, "num_statements": 190, "percent_covered": 74.21052631578948, "percent_covered_display": "74", "missing_lines": 49, "excluded_lines": 0, "percent_statements_covered": 74.21052631578948, "percent_statements_covered_display": "74"}, "missing_lines": [27, 29, 30, 33, 34, 35, 36, 50, 51, 52, 53, 54, 57, 58, 59, 71, 75, 85, 95, 96, 97, 100, 101, 102, 103, 114, 115, 120, 121, 122, 123, 152, 153, 166, 167, 174, 175, 177, 182, 183, 206, 222, 224, 226, 249, 251, 253, 281, 282], "excluded_lines": [], "functions": {"_connect_turso": {"executed_lines": [], "summary": {"covered_lines": 0, "num_statements": 7, "percent_covered": 0.0, "percent_covered_display": "0", "missing_lines": 7, "excluded_lines": 0, "percent_statements_covered": 0.0, "percent_statements_covered_display": "0"}, "missing_lines": [27, 29, 30, 33, 34, 35, 36], "excluded_lines": [], "start_line": 26}, "TursoCursor.__init__": {"executed_lines": [42, 43, 44], "summary": {"covered_lines": 3, "num_statements": 3, "percent_covered": 100.0, "percent_covered_display": "100", "missing_lines": 0, "excluded_lines": 0, "percent_statements_covered": 100.0, "percent_statements_covered_display": "100"}, "missing_lines": [], "excluded_lines": [], "start_line": 41}, "TursoCursor.__del__": {"executed_lines": [47], "summary": {"covered_lines": 1, "num_statements": 1, "percent_covered": 100.0, "percent_covered_display": "100", "missing_lines": 0, "excluded_lines": 0, "percent_statements_covered": 100.0, "percent_statements_covered_display": "100"}, "missing_lines": [], "excluded_lines": [], "start_line": 46}, "TursoCursor.fetchone": {"executed_lines": [], "summary": {"covered_lines": 0, "num_statements": 5, "percent_covered": 0.0, "percent_covered_display": "0", "missing_lines": 5, "excluded_lines": 0, "percent_statements_covered": 0.0, "percent_statements_covered_display": "0"}, "missing_lines": [50, 51, 52, 53, 54], "excluded_lines": [], "start_line": 49}, "TursoCursor.fetchall": {"executed_lines": [], "summary": {"covered_lines": 0, "num_statements": 3, "percent_covered": 0.0, "percent_covered_display": "0", "missing_lines": 3, "excluded_lines": 0, "percent_statements_covered": 0.0, "percent_statements_covered_display": "0"}, "missing_lines": [57, 58, 59], "excluded_lines": [], "start_line": 56}, "TursoCursor.close": {"executed_lines": [62, 63, 64, 65, 66, 67], "summary": {"covered_lines": 6, "num_statements": 6, "percent_covered": 100.0, "percent_covered_display": "100", "missing_lines": 0, "excluded_lines": 0, "percent_statements_covered": 100.0, "percent_statements_covered_display": "100"}, "missing_lines": [], "excluded_lines": [], "start_line": 61}, "TursoCursor.lastrowid": {"executed_lines": [], "summary": {"covered_lines": 0, "num_statements": 1, "percent_covered": 0.0, "percent_covered_display": "0", "missing_lines": 1, "excluded_lines": 0, "percent_statements_covered": 0.0, "percent_statements_covered_display": "0"}, "missing_lines": [71], "excluded_lines": [], "start_line": 70}, "TursoCursor.rowcount": {"executed_lines": [], "summary": {"covered_lines": 0, "num_statements": 1, "percent_covered": 0.0, "percent_covered_display": "0", "missing_lines": 1, "excluded_lines": 0, "percent_statements_covered": 0.0, "percent_statements_covered_display": "0"}, "missing_lines": [75], "excluded_lines": [], "start_line": 74}, "TursoConnection.__init__": {"executed_lines": [79, 80, 81], "summary": {"covered_lines": 3, "num_statements": 3, "percent_covered": 100.0, "percent_covered_display": "100", "missing_lines": 0, "excluded_lines": 0, "percent_statements_covered": 100.0, "percent_statements_covered_display": "100"}, "missing_lines": [], "excluded_lines": [], "start_line": 78}, "TursoConnection.begin": {"executed_lines": [84, 86, 87], "summary": {"covered_lines": 3, "num_statements": 4, "percent_covered": 75.0, "percent_covered_display": "75", "missing_lines": 1, "excluded_lines": 0, "percent_statements_covered": 75.0, "percent_statements_covered_display": "75"}, "missing_lines": [85], "excluded_lines": [], "start_line": 83}, "TursoConnection.execute": {"executed_lines": [90, 91, 92, 93, 94], "summary": {"covered_lines": 5, "num_statements": 8, "percent_covered": 62.5, "percent_covered_display": "62", "missing_lines": 3, "excluded_lines": 0, "percent_statements_covered": 62.5, "percent_statements_covered_display": "62"}, "missing_lines": [95, 96, 97], "excluded_lines": [], "start_line": 89}, "TursoConnection.batch": {"executed_lines": [], "summary": {"covered_lines": 0, "num_statements": 4, "percent_covered": 0.0, "percent_covered_display": "0", "missing_lines": 4, "excluded_lines": 0, "percent_statements_covered": 0.0, "percent_statements_covered_display": "0"}, "missing_lines": [100, 101, 102, 103], "excluded_lines": [], "start_line": 99}, "TursoConnection.commit": {"executed_lines": [106, 107, 109], "summary": {"covered_lines": 3, "num_statements": 3, "percent_covered": 100.0, "percent_covered_display": "100", "missing_lines": 0, "excluded_lines": 0, "percent_statements_covered": 100.0, "percent_statements_covered_display": "100"}, "missing_lines": [], "excluded_lines": [], "start_line": 105}, "TursoConnection.rollback": {"executed_lines": [112, 113, 117], "summary": {"covered_lines": 3, "num_statements": 5, "percent_covered": 60.0, "percent_covered_display": "60", "missing_lines": 2, "excluded_lines": 0, "percent_statements_covered": 60.0, "percent_statements_covered_display": "60"}, "missing_lines": [114, 115], "excluded_lines": [], "start_line": 111}, "TursoConnection.close": {"executed_lines": [], "summary": {"covered_lines": 0, "num_statements": 4, "percent_covered": 0.0, "percent_covered_display": "0", "missing_lines": 4, "excluded_lines": 0, "percent_statements_covered": 0.0, "percent_statements_covered_display": "0"}, "missing_lines": [120, 121, 122, 123], "excluded_lines": [], "start_line": 119}, "db_transaction": {"executed_lines": [128, 129, 130, 132, 133, 134, 135, 136, 137], "summary": {"covered_lines": 9, "num_statements": 9, "percent_covered": 100.0, "percent_covered_display": "100", "missing_lines": 0, "excluded_lines": 0, "percent_statements_covered": 100.0, "percent_statements_covered_display": "100"}, "missing_lines": [], "excluded_lines": [], "start_line": 126}, "get_db": {"executed_lines": [140, 141, 142, 143, 144, 146, 147, 149, 150, 151, 155, 156, 157, 158, 159, 160, 161, 162, 163, 164, 165, 168], "summary": {"covered_lines": 22, "num_statements": 26, "percent_covered": 84.61538461538461, "percent_covered_display": "85", "missing_lines": 4, "excluded_lines": 0, "percent_statements_covered": 84.61538461538461, "percent_statements_covered_display": "85"}, "missing_lines": [152, 153, 166, 167], "excluded_lines": [], "start_line": 139}, "close_db": {"executed_lines": [171, 172, 173, 178], "summary": {"covered_lines": 4, "num_statements": 7, "percent_covered": 57.142857142857146, "percent_covered_display": "57", "missing_lines": 3, "excluded_lines": 0, "percent_statements_covered": 57.142857142857146, "percent_statements_covered_display": "57"}, "missing_lines": [174, 175, 177], "excluded_lines": [], "start_line": 170}, "_table_cols": {"executed_lines": [181, 184], "summary": {"covered_lines": 2, "num_statements": 4, "percent_covered": 50.0, "percent_covered_display": "50", "missing_lines": 2, "excluded_lines": 0, "percent_statements_covered": 50.0, "percent_statements_covered_display": "50"}, "missing_lines": [182, 183], "excluded_lines": [], "start_line": 180}, "init_db": {"executed_lines": [188, 189, 190, 191, 192, 196, 200, 204, 205, 208, 220, 221, 223, 225, 228, 234, 247, 248, 250, 252, 257, 258, 260, 261, 262, 263, 264, 265, 266, 267, 268, 269, 270, 271, 272, 275, 276, 277], "summary": {"covered_lines": 38, "num_statements": 47, "percent_covered": 80.85106382978724, "percent_covered_display": "81", "missing_lines": 9, "excluded_lines": 0, "percent_statements_covered": 80.85106382978724, "percent_statements_covered_display": "81"}, "missing_lines": [206, 222, 224, 226, 249, 251, 253, 281, 282], "excluded_lines": [], "start_line": 186}, "": {"executed_lines": [2, 3, 4, 5, 6, 8, 9, 11, 13, 15, 16, 17, 18, 23, 26, 38, 41, 46, 49, 56, 61, 69, 70, 73, 74, 77, 78, 83, 89, 99, 105, 111, 119, 125, 126, 139, 170, 180, 186], "summary": {"covered_lines": 39, "num_statements": 39, "percent_covered": 100.0, "percent_covered_display": "100", "missing_lines": 0, "excluded_lines": 0, "percent_statements_covered": 100.0, "percent_statements_covered_display": "100"}, "missing_lines": [], "excluded_lines": [], "start_line": 1}}, "classes": {"TursoCursor": {"executed_lines": [42, 43, 44, 47, 62, 63, 64, 65, 66, 67], "summary": {"covered_lines": 10, "num_statements": 20, "percent_covered": 50.0, "percent_covered_display": "50", "missing_lines": 10, "excluded_lines": 0, "percent_statements_covered": 50.0, "percent_statements_covered_display": "50"}, "missing_lines": [50, 51, 52, 53, 54, 57, 58, 59, 71, 75], "excluded_lines": [], "start_line": 38}, "TursoConnection": {"executed_lines": [79, 80, 81, 84, 86, 87, 90, 91, 92, 93, 94, 106, 107, 109, 112, 113, 117], "summary": {"covered_lines": 17, "num_statements": 31, "percent_covered": 54.83870967741935, "percent_covered_display": "55", "missing_lines": 14, "excluded_lines": 0, "percent_statements_covered": 54.83870967741935, "percent_statements_covered_display": "55"}, "missing_lines": [85, 95, 96, 97, 100, 101, 102, 103, 114, 115, 120, 121, 122, 123], "excluded_lines": [], "start_line": 77}, "": {"executed_lines": [2, 3, 4, 5, 6, 8, 9, 11, 13, 15, 16, 17, 18, 23, 26, 38, 41, 46, 49, 56, 61, 69, 70, 73, 74, 77, 78, 83, 89, 99, 105, 111, 119, 125, 126, 128, 129, 130, 132, 133, 134, 135, 136, 137, 139, 140, 141, 142, 143, 144, 146, 147, 149, 150, 151, 155, 156, 157, 158, 159, 160, 161, 162, 163, 164, 165, 168, 170, 171, 172, 173, 178, 180, 181, 184, 186, 188, 189, 190, 191, 192, 196, 200, 204, 205, 208, 220, 221, 223, 225, 228, 234, 247, 248, 250, 252, 257, 258, 260, 261, 262, 263, 264, 265, 266, 267, 268, 269, 270, 271, 272, 275, 276, 277], "summary": {"covered_lines": 114, "num_statements": 139, "percent_covered": 82.01438848920863, "percent_covered_display": "82", "missing_lines": 25, "excluded_lines": 0, "percent_statements_covered": 82.01438848920863, "percent_statements_covered_display": "82"}, "missing_lines": [27, 29, 30, 33, 34, 35, 36, 152, 153, 166, 167, 174, 175, 177, 182, 183, 206, 222, 224, 226, 249, 251, 253, 281, 282], "excluded_lines": [], "start_line": 1}}}, "api\\filters.py": {"executed_lines": [2, 4, 7, 8, 9, 11, 12, 13, 14, 16, 17, 21, 22, 26, 27, 31, 32, 36, 37, 41, 42, 46, 47, 48, 49, 50, 56, 59, 63, 67, 71], "summary": {"covered_lines": 31, "num_statements": 53, "percent_covered": 58.490566037735846, "percent_covered_display": "58", "missing_lines": 22, "excluded_lines": 0, "percent_statements_covered": 58.490566037735846, "percent_statements_covered_display": "58"}, "missing_lines": [18, 19, 23, 24, 28, 29, 33, 34, 38, 39, 43, 44, 51, 55, 57, 58, 60, 61, 64, 65, 68, 69], "excluded_lines": [], "functions": {"question_filter_clauses": {"executed_lines": [8, 9, 11, 12, 13, 14, 16, 17, 21, 22, 26, 27, 31, 32, 36, 37, 41, 42, 46, 47, 48, 49, 50, 56, 59, 63, 67, 71], "summary": {"covered_lines": 28, "num_statements": 50, "percent_covered": 56.0, "percent_covered_display": "56", "missing_lines": 22, "excluded_lines": 0, "percent_statements_covered": 56.0, "percent_statements_covered_display": "56"}, "missing_lines": [18, 19, 23, 24, 28, 29, 33, 34, 38, 39, 43, 44, 51, 55, 57, 58, 60, 61, 64, 65, 68, 69], "excluded_lines": [], "start_line": 7}, "": {"executed_lines": [2, 4, 7], "summary": {"covered_lines": 3, "num_statements": 3, "percent_covered": 100.0, "percent_covered_display": "100", "missing_lines": 0, "excluded_lines": 0, "percent_statements_covered": 100.0, "percent_statements_covered_display": "100"}, "missing_lines": [], "excluded_lines": [], "start_line": 1}}, "classes": {"": {"executed_lines": [2, 4, 7, 8, 9, 11, 12, 13, 14, 16, 17, 21, 22, 26, 27, 31, 32, 36, 37, 41, 42, 46, 47, 48, 49, 50, 56, 59, 63, 67, 71], "summary": {"covered_lines": 31, "num_statements": 53, "percent_covered": 58.490566037735846, "percent_covered_display": "58", "missing_lines": 22, "excluded_lines": 0, "percent_statements_covered": 58.490566037735846, "percent_statements_covered_display": "58"}, "missing_lines": [18, 19, 23, 24, 28, 29, 33, 34, 38, 39, 43, 44, 51, 55, 57, 58, 60, 61, 64, 65, 68, 69], "excluded_lines": [], "start_line": 1}}}, "api\\flashcards.py": {"executed_lines": [1, 2, 3, 5, 7, 8, 9, 10, 11, 22, 23, 25, 26, 27, 28, 29, 30, 31, 32, 34, 36, 37, 38, 40, 41, 42, 44, 47, 59, 60, 61, 62, 63, 68, 70, 74, 76, 78, 86, 87, 132, 133, 134, 135, 136, 137, 172, 173, 174, 175, 176, 177, 179, 180, 181, 182, 183, 184, 192, 193, 197, 203, 204, 205, 206, 207, 208, 209, 210, 211, 212, 214, 226, 227, 231, 233, 234, 235, 248, 252, 259, 260, 267, 268, 269, 270, 271, 275, 276, 277, 278, 279, 280, 282, 291, 299, 300, 301, 302, 303, 304, 306, 344, 346, 348, 351, 352, 353, 354, 355, 356, 357, 359, 361, 362, 363, 364, 365, 366, 367, 373, 375, 381, 382, 383, 384, 385, 386, 387, 389, 391, 392, 395, 396, 397, 406], "summary": {"covered_lines": 136, "num_statements": 198, "percent_covered": 68.68686868686869, "percent_covered_display": "69", "missing_lines": 62, "excluded_lines": 0, "percent_statements_covered": 68.68686868686869, "percent_statements_covered_display": "69"}, "missing_lines": [45, 88, 89, 90, 91, 92, 93, 95, 97, 98, 99, 101, 103, 104, 105, 107, 109, 110, 112, 124, 138, 139, 140, 141, 143, 144, 146, 147, 148, 149, 154, 156, 160, 162, 163, 213, 236, 241, 272, 283, 310, 311, 312, 314, 315, 317, 318, 319, 320, 325, 326, 327, 328, 329, 331, 332, 337, 338, 393, 402, 403, 404], "excluded_lines": [], "functions": {"generate": {"executed_lines": [27, 28, 29, 30, 31, 32, 34, 36, 37, 38, 40, 41, 42, 44, 47, 59, 60, 61, 62, 63, 68, 70, 74, 76, 78], "summary": {"covered_lines": 25, "num_statements": 26, "percent_covered": 96.15384615384616, "percent_covered_display": "96", "missing_lines": 1, "excluded_lines": 0, "percent_statements_covered": 96.15384615384616, "percent_statements_covered_display": "96"}, "missing_lines": [45], "excluded_lines": [], "start_line": 26}, "preview": {"executed_lines": [], "summary": {"covered_lines": 0, "num_statements": 19, "percent_covered": 0.0, "percent_covered_display": "0", "missing_lines": 19, "excluded_lines": 0, "percent_statements_covered": 0.0, "percent_statements_covered_display": "0"}, "missing_lines": [88, 89, 90, 91, 92, 93, 95, 97, 98, 99, 101, 103, 104, 105, 107, 109, 110, 112, 124], "excluded_lines": [], "start_line": 87}, "save": {"executed_lines": [134, 135, 136, 137], "summary": {"covered_lines": 4, "num_statements": 19, "percent_covered": 21.05263157894737, "percent_covered_display": "21", "missing_lines": 15, "excluded_lines": 0, "percent_statements_covered": 21.05263157894737, "percent_statements_covered_display": "21"}, "missing_lines": [138, 139, 140, 141, 143, 144, 146, 147, 148, 149, 154, 156, 160, 162, 163], "excluded_lines": [], "start_line": 133}, "generate_batch": {"executed_lines": [174, 175, 176, 177, 179, 180, 181, 182, 183, 184, 192, 193, 197, 203, 204, 205, 206, 207, 208, 209, 210, 211, 212, 214, 226, 227, 231, 233, 234, 235, 248, 252, 259, 260], "summary": {"covered_lines": 34, "num_statements": 37, "percent_covered": 91.89189189189189, "percent_covered_display": "92", "missing_lines": 3, "excluded_lines": 0, "percent_statements_covered": 91.89189189189189, "percent_statements_covered_display": "92"}, "missing_lines": [213, 236, 241], "excluded_lines": [], "start_line": 173}, "_bounded_int": {"executed_lines": [268, 269, 270, 271], "summary": {"covered_lines": 4, "num_statements": 5, "percent_covered": 80.0, "percent_covered_display": "80", "missing_lines": 1, "excluded_lines": 0, "percent_statements_covered": 80.0, "percent_statements_covered_display": "80"}, "missing_lines": [272], "excluded_lines": [], "start_line": 267}, "get_due_flashcards": {"executed_lines": [277, 278, 279, 280, 282, 291, 299, 300, 301, 302, 303, 304, 306, 344, 346, 348], "summary": {"covered_lines": 16, "num_statements": 35, "percent_covered": 45.714285714285715, "percent_covered_display": "46", "missing_lines": 19, "excluded_lines": 0, "percent_statements_covered": 45.714285714285715, "percent_statements_covered_display": "46"}, "missing_lines": [283, 310, 311, 312, 314, 315, 317, 318, 319, 320, 325, 326, 327, 328, 329, 331, 332, 337, 338], "excluded_lines": [], "start_line": 276}, "review_flashcard": {"executed_lines": [353, 354, 355, 356, 357, 359, 361, 362, 363, 364, 365, 366, 367, 373, 375], "summary": {"covered_lines": 15, "num_statements": 15, "percent_covered": 100.0, "percent_covered_display": "100", "missing_lines": 0, "excluded_lines": 0, "percent_statements_covered": 100.0, "percent_statements_covered_display": "100"}, "missing_lines": [], "excluded_lines": [], "start_line": 352}, "report_flashcard": {"executed_lines": [383, 384, 385, 386, 387, 389, 391, 392, 395, 396, 397, 406], "summary": {"covered_lines": 12, "num_statements": 16, "percent_covered": 75.0, "percent_covered_display": "75", "missing_lines": 4, "excluded_lines": 0, "percent_statements_covered": 75.0, "percent_statements_covered_display": "75"}, "missing_lines": [393, 402, 403, 404], "excluded_lines": [], "start_line": 382}, "": {"executed_lines": [1, 2, 3, 5, 7, 8, 9, 10, 11, 22, 23, 25, 26, 86, 87, 132, 133, 172, 173, 267, 275, 276, 351, 352, 381, 382], "summary": {"covered_lines": 26, "num_statements": 26, "percent_covered": 100.0, "percent_covered_display": "100", "missing_lines": 0, "excluded_lines": 0, "percent_statements_covered": 100.0, "percent_statements_covered_display": "100"}, "missing_lines": [], "excluded_lines": [], "start_line": 1}}, "classes": {"": {"executed_lines": [1, 2, 3, 5, 7, 8, 9, 10, 11, 22, 23, 25, 26, 27, 28, 29, 30, 31, 32, 34, 36, 37, 38, 40, 41, 42, 44, 47, 59, 60, 61, 62, 63, 68, 70, 74, 76, 78, 86, 87, 132, 133, 134, 135, 136, 137, 172, 173, 174, 175, 176, 177, 179, 180, 181, 182, 183, 184, 192, 193, 197, 203, 204, 205, 206, 207, 208, 209, 210, 211, 212, 214, 226, 227, 231, 233, 234, 235, 248, 252, 259, 260, 267, 268, 269, 270, 271, 275, 276, 277, 278, 279, 280, 282, 291, 299, 300, 301, 302, 303, 304, 306, 344, 346, 348, 351, 352, 353, 354, 355, 356, 357, 359, 361, 362, 363, 364, 365, 366, 367, 373, 375, 381, 382, 383, 384, 385, 386, 387, 389, 391, 392, 395, 396, 397, 406], "summary": {"covered_lines": 136, "num_statements": 198, "percent_covered": 68.68686868686869, "percent_covered_display": "69", "missing_lines": 62, "excluded_lines": 0, "percent_statements_covered": 68.68686868686869, "percent_statements_covered_display": "69"}, "missing_lines": [45, 88, 89, 90, 91, 92, 93, 95, 97, 98, 99, 101, 103, 104, 105, 107, 109, 110, 112, 124, 138, 139, 140, 141, 143, 144, 146, 147, 148, 149, 154, 156, 160, 162, 163, 213, 236, 241, 272, 283, 310, 311, 312, 314, 315, 317, 318, 319, 320, 325, 326, 327, 328, 329, 331, 332, 337, 338, 393, 402, 403, 404], "excluded_lines": [], "start_line": 1}}}, "api\\gemini_pool.py": {"executed_lines": [8, 9, 10, 11, 12, 13, 14, 15, 16, 17, 18, 20, 22, 23, 26, 27, 28, 29, 30, 31, 32, 33, 34, 35, 36, 37, 39, 40, 41, 43, 44, 45, 46, 48, 56, 62, 63, 64, 68, 69, 71, 72, 73, 76, 77, 78, 79, 81, 87, 88, 89, 90, 91, 92, 93, 94, 96, 97, 100, 101, 103, 108, 111, 113, 114, 115, 117, 123, 124, 125, 126, 127, 128, 129, 131, 132, 134, 136, 137, 139, 140, 148, 149, 151, 152, 154, 155, 161, 163, 164, 165, 167, 171, 172, 175, 176, 178, 179, 180, 181, 182, 185, 189, 191, 192, 195, 197, 211, 217, 218, 219, 220, 222, 223, 225, 226, 227, 231, 232, 234, 235, 236, 237, 238, 240, 246, 247, 257, 258, 259, 262, 263, 264, 267, 268, 269, 274, 275, 293, 298, 328, 371], "summary": {"covered_lines": 142, "num_statements": 220, "percent_covered": 64.54545454545455, "percent_covered_display": "65", "missing_lines": 78, "excluded_lines": 0, "percent_statements_covered": 64.54545454545455, "percent_statements_covered_display": "65"}, "missing_lines": [49, 50, 51, 52, 54, 65, 66, 74, 82, 83, 84, 98, 109, 133, 141, 142, 143, 144, 145, 146, 147, 173, 190, 193, 248, 249, 250, 251, 252, 253, 254, 255, 260, 261, 276, 277, 278, 279, 280, 281, 282, 283, 284, 285, 286, 288, 289, 290, 291, 308, 310, 311, 313, 314, 315, 317, 318, 319, 320, 321, 322, 323, 324, 326, 330, 331, 332, 333, 334, 335, 340, 341, 342, 343, 344, 353, 354, 363], "excluded_lines": [], "functions": {"KeyState.__init__": {"executed_lines": [28, 29, 30, 31, 32, 33, 34, 35, 36, 37], "summary": {"covered_lines": 10, "num_statements": 10, "percent_covered": 100.0, "percent_covered_display": "100", "missing_lines": 0, "excluded_lines": 0, "percent_statements_covered": 100.0, "percent_statements_covered_display": "100"}, "missing_lines": [], "excluded_lines": [], "start_line": 27}, "KeyState.is_available": {"executed_lines": [41], "summary": {"covered_lines": 1, "num_statements": 1, "percent_covered": 100.0, "percent_covered_display": "100", "missing_lines": 0, "excluded_lines": 0, "percent_statements_covered": 100.0, "percent_statements_covered_display": "100"}, "missing_lines": [], "excluded_lines": [], "start_line": 40}, "KeyState.is_available_for": {"executed_lines": [44, 45, 46], "summary": {"covered_lines": 3, "num_statements": 3, "percent_covered": 100.0, "percent_covered_display": "100", "missing_lines": 0, "excluded_lines": 0, "percent_statements_covered": 100.0, "percent_statements_covered_display": "100"}, "missing_lines": [], "excluded_lines": [], "start_line": 43}, "KeyState.mark_success": {"executed_lines": [], "summary": {"covered_lines": 0, "num_statements": 5, "percent_covered": 0.0, "percent_covered_display": "0", "missing_lines": 5, "excluded_lines": 0, "percent_statements_covered": 0.0, "percent_statements_covered_display": "0"}, "missing_lines": [49, 50, 51, 52, 54], "excluded_lines": [], "start_line": 48}, "KeyState.mark_rate_limit": {"executed_lines": [62, 63, 64, 68, 69, 71, 72, 73, 76, 77, 78, 79], "summary": {"covered_lines": 12, "num_statements": 15, "percent_covered": 80.0, "percent_covered_display": "80", "missing_lines": 3, "excluded_lines": 0, "percent_statements_covered": 80.0, "percent_statements_covered_display": "80"}, "missing_lines": [65, 66, 74], "excluded_lines": [], "start_line": 56}, "KeyState.mark_error": {"executed_lines": [], "summary": {"covered_lines": 0, "num_statements": 3, "percent_covered": 0.0, "percent_covered_display": "0", "missing_lines": 3, "excluded_lines": 0, "percent_statements_covered": 0.0, "percent_statements_covered_display": "0"}, "missing_lines": [82, 83, 84], "excluded_lines": [], "start_line": 81}, "GeminiPool.__init__": {"executed_lines": [89, 90, 91, 92, 93, 94], "summary": {"covered_lines": 6, "num_statements": 6, "percent_covered": 100.0, "percent_covered_display": "100", "missing_lines": 0, "excluded_lines": 0, "percent_statements_covered": 100.0, "percent_statements_covered_display": "100"}, "missing_lines": [], "excluded_lines": [], "start_line": 88}, "GeminiPool._load_keys": {"executed_lines": [97, 100, 101, 103, 108, 111], "summary": {"covered_lines": 6, "num_statements": 8, "percent_covered": 75.0, "percent_covered_display": "75", "missing_lines": 2, "excluded_lines": 0, "percent_statements_covered": 75.0, "percent_statements_covered_display": "75"}, "missing_lines": [98, 109], "excluded_lines": [], "start_line": 96}, "GeminiPool._split_models": {"executed_lines": [115], "summary": {"covered_lines": 1, "num_statements": 1, "percent_covered": 100.0, "percent_covered_display": "100", "missing_lines": 0, "excluded_lines": 0, "percent_statements_covered": 100.0, "percent_statements_covered_display": "100"}, "missing_lines": [], "excluded_lines": [], "start_line": 114}, "GeminiPool._load_models": {"executed_lines": [123, 124, 125, 126, 127, 128, 129], "summary": {"covered_lines": 7, "num_statements": 7, "percent_covered": 100.0, "percent_covered_display": "100", "missing_lines": 0, "excluded_lines": 0, "percent_statements_covered": 100.0, "percent_statements_covered_display": "100"}, "missing_lines": [], "excluded_lines": [], "start_line": 117}, "GeminiPool._model_candidates": {"executed_lines": [132, 134], "summary": {"covered_lines": 2, "num_statements": 3, "percent_covered": 66.66666666666667, "percent_covered_display": "67", "missing_lines": 1, "excluded_lines": 0, "percent_statements_covered": 66.66666666666667, "percent_statements_covered_display": "67"}, "missing_lines": [133], "excluded_lines": [], "start_line": 131}, "GeminiPool._retry_after_seconds": {"executed_lines": [139, 140, 148, 149], "summary": {"covered_lines": 4, "num_statements": 11, "percent_covered": 36.36363636363637, "percent_covered_display": "36", "missing_lines": 7, "excluded_lines": 0, "percent_statements_covered": 36.36363636363637, "percent_statements_covered_display": "36"}, "missing_lines": [141, 142, 143, 144, 145, 146, 147], "excluded_lines": [], "start_line": 137}, "GeminiPool._is_account_quota_exhausted": {"executed_lines": [154, 155, 161], "summary": {"covered_lines": 3, "num_statements": 3, "percent_covered": 100.0, "percent_covered_display": "100", "missing_lines": 0, "excluded_lines": 0, "percent_statements_covered": 100.0, "percent_statements_covered_display": "100"}, "missing_lines": [], "excluded_lines": [], "start_line": 152}, "GeminiPool.total_keys": {"executed_lines": [165], "summary": {"covered_lines": 1, "num_statements": 1, "percent_covered": 100.0, "percent_covered_display": "100", "missing_lines": 0, "excluded_lines": 0, "percent_statements_covered": 100.0, "percent_statements_covered_display": "100"}, "missing_lines": [], "excluded_lines": [], "start_line": 164}, "GeminiPool.get_available_key": {"executed_lines": [171, 172, 175, 176, 178, 179, 180, 181, 182, 185, 189, 191, 192, 195], "summary": {"covered_lines": 14, "num_statements": 17, "percent_covered": 82.3529411764706, "percent_covered_display": "82", "missing_lines": 3, "excluded_lines": 0, "percent_statements_covered": 82.3529411764706, "percent_statements_covered_display": "82"}, "missing_lines": [173, 190, 193], "excluded_lines": [], "start_line": 167}, "GeminiPool.generate_content": {"executed_lines": [211, 217, 218, 219, 220, 222, 223, 225, 226, 227, 231, 232, 234, 235, 236, 237, 238, 240, 246, 247, 257, 258, 259, 262, 263, 264, 267, 268, 269, 274, 275, 293], "summary": {"covered_lines": 32, "num_statements": 57, "percent_covered": 56.14035087719298, "percent_covered_display": "56", "missing_lines": 25, "excluded_lines": 0, "percent_statements_covered": 56.14035087719298, "percent_statements_covered_display": "56"}, "missing_lines": [248, 249, 250, 251, 252, 253, 254, 255, 260, 261, 276, 277, 278, 279, 280, 281, 282, 283, 284, 285, 286, 288, 289, 290, 291], "excluded_lines": [], "start_line": 197}, "GeminiPool.generate_batch_parallel": {"executed_lines": [], "summary": {"covered_lines": 0, "num_statements": 13, "percent_covered": 0.0, "percent_covered_display": "0", "missing_lines": 13, "excluded_lines": 0, "percent_statements_covered": 0.0, "percent_statements_covered_display": "0"}, "missing_lines": [308, 310, 311, 313, 317, 318, 319, 320, 321, 322, 323, 324, 326], "excluded_lines": [], "start_line": 298}, "GeminiPool.generate_batch_parallel._worker": {"executed_lines": [], "summary": {"covered_lines": 0, "num_statements": 2, "percent_covered": 0.0, "percent_covered_display": "0", "missing_lines": 2, "excluded_lines": 0, "percent_statements_covered": 0.0, "percent_statements_covered_display": "0"}, "missing_lines": [314, 315], "excluded_lines": [], "start_line": 313}, "GeminiPool.health_check": {"executed_lines": [], "summary": {"covered_lines": 0, "num_statements": 14, "percent_covered": 0.0, "percent_covered_display": "0", "missing_lines": 14, "excluded_lines": 0, "percent_statements_covered": 0.0, "percent_statements_covered_display": "0"}, "missing_lines": [330, 331, 332, 333, 334, 335, 340, 341, 342, 343, 344, 353, 354, 363], "excluded_lines": [], "start_line": 328}, "": {"executed_lines": [8, 9, 10, 11, 12, 13, 14, 15, 16, 17, 18, 20, 22, 23, 26, 27, 39, 40, 43, 48, 56, 81, 87, 88, 96, 113, 114, 117, 131, 136, 137, 151, 152, 163, 164, 167, 197, 298, 328, 371], "summary": {"covered_lines": 40, "num_statements": 40, "percent_covered": 100.0, "percent_covered_display": "100", "missing_lines": 0, "excluded_lines": 0, "percent_statements_covered": 100.0, "percent_statements_covered_display": "100"}, "missing_lines": [], "excluded_lines": [], "start_line": 1}}, "classes": {"KeyState": {"executed_lines": [28, 29, 30, 31, 32, 33, 34, 35, 36, 37, 41, 44, 45, 46, 62, 63, 64, 68, 69, 71, 72, 73, 76, 77, 78, 79], "summary": {"covered_lines": 26, "num_statements": 37, "percent_covered": 70.27027027027027, "percent_covered_display": "70", "missing_lines": 11, "excluded_lines": 0, "percent_statements_covered": 70.27027027027027, "percent_statements_covered_display": "70"}, "missing_lines": [49, 50, 51, 52, 54, 65, 66, 74, 82, 83, 84], "excluded_lines": [], "start_line": 26}, "GeminiPool": {"executed_lines": [89, 90, 91, 92, 93, 94, 97, 100, 101, 103, 108, 111, 115, 123, 124, 125, 126, 127, 128, 129, 132, 134, 139, 140, 148, 149, 154, 155, 161, 165, 171, 172, 175, 176, 178, 179, 180, 181, 182, 185, 189, 191, 192, 195, 211, 217, 218, 219, 220, 222, 223, 225, 226, 227, 231, 232, 234, 235, 236, 237, 238, 240, 246, 247, 257, 258, 259, 262, 263, 264, 267, 268, 269, 274, 275, 293], "summary": {"covered_lines": 76, "num_statements": 143, "percent_covered": 53.14685314685315, "percent_covered_display": "53", "missing_lines": 67, "excluded_lines": 0, "percent_statements_covered": 53.14685314685315, "percent_statements_covered_display": "53"}, "missing_lines": [98, 109, 133, 141, 142, 143, 144, 145, 146, 147, 173, 190, 193, 248, 249, 250, 251, 252, 253, 254, 255, 260, 261, 276, 277, 278, 279, 280, 281, 282, 283, 284, 285, 286, 288, 289, 290, 291, 308, 310, 311, 313, 314, 315, 317, 318, 319, 320, 321, 322, 323, 324, 326, 330, 331, 332, 333, 334, 335, 340, 341, 342, 343, 344, 353, 354, 363], "excluded_lines": [], "start_line": 87}, "": {"executed_lines": [8, 9, 10, 11, 12, 13, 14, 15, 16, 17, 18, 20, 22, 23, 26, 27, 39, 40, 43, 48, 56, 81, 87, 88, 96, 113, 114, 117, 131, 136, 137, 151, 152, 163, 164, 167, 197, 298, 328, 371], "summary": {"covered_lines": 40, "num_statements": 40, "percent_covered": 100.0, "percent_covered_display": "100", "missing_lines": 0, "excluded_lines": 0, "percent_statements_covered": 100.0, "percent_statements_covered_display": "100"}, "missing_lines": [], "excluded_lines": [], "start_line": 1}}}, "api\\idempotency.py": {"executed_lines": [1, 2, 3, 4, 5, 6, 8, 10, 11, 13, 14, 17, 21, 22, 27, 28, 29, 30, 33, 37, 47, 48, 49, 51, 52, 54, 55, 56, 57, 58, 59, 62, 63, 64, 69, 70, 71, 77, 81, 82, 83, 85, 89, 92, 95, 96, 99, 100, 101, 103, 104, 105, 112, 113, 114, 137, 141, 142, 145, 146, 148, 154, 156, 157, 160, 180, 184, 185, 186, 192], "summary": {"covered_lines": 70, "num_statements": 100, "percent_covered": 70.0, "percent_covered_display": "70", "missing_lines": 30, "excluded_lines": 0, "percent_statements_covered": 70.0, "percent_statements_covered_display": "70"}, "missing_lines": [34, 72, 73, 74, 86, 115, 116, 117, 120, 121, 122, 126, 127, 128, 129, 130, 132, 134, 143, 164, 165, 166, 168, 169, 175, 176, 177, 193, 194, 195], "excluded_lines": [], "functions": {"_owns_lease": {"executed_lines": [22, 27, 28, 29, 30], "summary": {"covered_lines": 5, "num_statements": 5, "percent_covered": 100.0, "percent_covered_display": "100", "missing_lines": 0, "excluded_lines": 0, "percent_statements_covered": 100.0, "percent_statements_covered_display": "100"}, "missing_lines": [], "excluded_lines": [], "start_line": 21}, "_database_unavailable": {"executed_lines": [], "summary": {"covered_lines": 0, "num_statements": 1, "percent_covered": 0.0, "percent_covered_display": "0", "missing_lines": 1, "excluded_lines": 0, "percent_statements_covered": 0.0, "percent_statements_covered_display": "0"}, "missing_lines": [34], "excluded_lines": [], "start_line": 33}, "reserve_idempotency": {"executed_lines": [47, 48, 49, 51, 52, 54, 55, 56, 57, 58, 59, 62, 63, 64, 69, 70, 71, 77, 81, 82, 83, 85, 89, 92, 95, 96, 99, 100, 101, 103, 104, 105, 112, 113, 114], "summary": {"covered_lines": 35, "num_statements": 52, "percent_covered": 67.3076923076923, "percent_covered_display": "67", "missing_lines": 17, "excluded_lines": 0, "percent_statements_covered": 67.3076923076923, "percent_statements_covered_display": "67"}, "missing_lines": [72, 73, 74, 86, 115, 116, 117, 120, 121, 122, 126, 127, 128, 129, 130, 132, 134], "excluded_lines": [], "start_line": 37}, "complete_idempotency": {"executed_lines": [141, 142, 145, 146, 148, 154, 156, 157], "summary": {"covered_lines": 8, "num_statements": 9, "percent_covered": 88.88888888888889, "percent_covered_display": "89", "missing_lines": 1, "excluded_lines": 0, "percent_statements_covered": 88.88888888888889, "percent_statements_covered_display": "89"}, "missing_lines": [143], "excluded_lines": [], "start_line": 137}, "fail_idempotency": {"executed_lines": [], "summary": {"covered_lines": 0, "num_statements": 8, "percent_covered": 0.0, "percent_covered_display": "0", "missing_lines": 8, "excluded_lines": 0, "percent_statements_covered": 0.0, "percent_statements_covered_display": "0"}, "missing_lines": [164, 165, 166, 168, 169, 175, 176, 177], "excluded_lines": [], "start_line": 160}, "cleanup_idempotency_keys": {"executed_lines": [184, 185, 186, 192], "summary": {"covered_lines": 4, "num_statements": 7, "percent_covered": 57.142857142857146, "percent_covered_display": "57", "missing_lines": 3, "excluded_lines": 0, "percent_statements_covered": 57.142857142857146, "percent_statements_covered_display": "57"}, "missing_lines": [193, 194, 195], "excluded_lines": [], "start_line": 180}, "": {"executed_lines": [1, 2, 3, 4, 5, 6, 8, 10, 11, 13, 14, 17, 21, 33, 37, 137, 160, 180], "summary": {"covered_lines": 18, "num_statements": 18, "percent_covered": 100.0, "percent_covered_display": "100", "missing_lines": 0, "excluded_lines": 0, "percent_statements_covered": 100.0, "percent_statements_covered_display": "100"}, "missing_lines": [], "excluded_lines": [], "start_line": 1}}, "classes": {"LostLeaseError": {"executed_lines": [], "summary": {"covered_lines": 0, "num_statements": 0, "percent_covered": 100.0, "percent_covered_display": "100", "missing_lines": 0, "excluded_lines": 0, "percent_statements_covered": 100.0, "percent_statements_covered_display": "100"}, "missing_lines": [], "excluded_lines": [], "start_line": 17}, "": {"executed_lines": [1, 2, 3, 4, 5, 6, 8, 10, 11, 13, 14, 17, 21, 22, 27, 28, 29, 30, 33, 37, 47, 48, 49, 51, 52, 54, 55, 56, 57, 58, 59, 62, 63, 64, 69, 70, 71, 77, 81, 82, 83, 85, 89, 92, 95, 96, 99, 100, 101, 103, 104, 105, 112, 113, 114, 137, 141, 142, 145, 146, 148, 154, 156, 157, 160, 180, 184, 185, 186, 192], "summary": {"covered_lines": 70, "num_statements": 100, "percent_covered": 70.0, "percent_covered_display": "70", "missing_lines": 30, "excluded_lines": 0, "percent_statements_covered": 70.0, "percent_statements_covered_display": "70"}, "missing_lines": [34, 72, 73, 74, 86, 115, 116, 117, 120, 121, 122, 126, 127, 128, 129, 130, 132, 134, 143, 164, 165, 166, 168, 169, 175, 176, 177, 193, 194, 195], "excluded_lines": [], "start_line": 1}}}, "api\\logs.py": {"executed_lines": [3, 4, 5, 6, 8, 10, 12, 14, 17, 18, 20, 21, 22, 26, 27, 28, 29, 31, 32, 34, 35, 44, 47, 48, 49, 50, 51, 52, 53, 56, 58, 66, 69, 70, 71, 72, 73, 74, 75, 76, 77, 78], "summary": {"covered_lines": 42, "num_statements": 50, "percent_covered": 84.0, "percent_covered_display": "84", "missing_lines": 8, "excluded_lines": 0, "percent_statements_covered": 84.0, "percent_statements_covered_display": "84"}, "missing_lines": [19, 23, 24, 30, 33, 54, 55, 57], "excluded_lines": [], "functions": {"_safe_path": {"executed_lines": [18, 20, 21, 22], "summary": {"covered_lines": 4, "num_statements": 7, "percent_covered": 57.142857142857146, "percent_covered_display": "57", "missing_lines": 3, "excluded_lines": 0, "percent_statements_covered": 57.142857142857146, "percent_statements_covered_display": "57"}, "missing_lines": [19, 23, 24], "excluded_lines": [], "start_line": 17}, "log_error": {"executed_lines": [28, 29, 31, 32, 34, 35, 44], "summary": {"covered_lines": 7, "num_statements": 9, "percent_covered": 77.77777777777777, "percent_covered_display": "78", "missing_lines": 2, "excluded_lines": 0, "percent_statements_covered": 77.77777777777777, "percent_statements_covered_display": "78"}, "missing_lines": [30, 33], "excluded_lines": [], "start_line": 27}, "web_vital": {"executed_lines": [49, 50, 51, 52, 53, 56, 58, 66], "summary": {"covered_lines": 8, "num_statements": 11, "percent_covered": 72.72727272727273, "percent_covered_display": "73", "missing_lines": 3, "excluded_lines": 0, "percent_statements_covered": 72.72727272727273, "percent_statements_covered_display": "73"}, "missing_lines": [54, 55, 57], "excluded_lines": [], "start_line": 48}, "metrics_performance": {"executed_lines": [71, 72, 73, 74, 75, 76, 77, 78], "summary": {"covered_lines": 8, "num_statements": 8, "percent_covered": 100.0, "percent_covered_display": "100", "missing_lines": 0, "excluded_lines": 0, "percent_statements_covered": 100.0, "percent_statements_covered_display": "100"}, "missing_lines": [], "excluded_lines": [], "start_line": 70}, "": {"executed_lines": [3, 4, 5, 6, 8, 10, 12, 14, 17, 26, 27, 47, 48, 69, 70], "summary": {"covered_lines": 15, "num_statements": 15, "percent_covered": 100.0, "percent_covered_display": "100", "missing_lines": 0, "excluded_lines": 0, "percent_statements_covered": 100.0, "percent_statements_covered_display": "100"}, "missing_lines": [], "excluded_lines": [], "start_line": 1}}, "classes": {"": {"executed_lines": [3, 4, 5, 6, 8, 10, 12, 14, 17, 18, 20, 21, 22, 26, 27, 28, 29, 31, 32, 34, 35, 44, 47, 48, 49, 50, 51, 52, 53, 56, 58, 66, 69, 70, 71, 72, 73, 74, 75, 76, 77, 78], "summary": {"covered_lines": 42, "num_statements": 50, "percent_covered": 84.0, "percent_covered_display": "84", "missing_lines": 8, "excluded_lines": 0, "percent_statements_covered": 84.0, "percent_statements_covered_display": "84"}, "missing_lines": [19, 23, 24, 30, 33, 54, 55, 57], "excluded_lines": [], "start_line": 1}}}, "api\\observability.py": {"executed_lines": [3, 4, 5, 6, 7, 8, 9, 10, 12, 14, 15, 16, 19, 21, 22, 23, 24, 28, 31, 32, 37, 40, 41, 44, 45, 46, 47, 48, 49, 50, 51, 54, 55, 56, 57, 58, 59, 60, 62, 63, 64, 65, 66, 67, 68, 69, 70, 72, 80, 83, 84, 86, 87, 88, 91, 92, 93, 94, 99, 108], "summary": {"covered_lines": 60, "num_statements": 64, "percent_covered": 93.75, "percent_covered_display": "94", "missing_lines": 4, "excluded_lines": 0, "percent_statements_covered": 93.75, "percent_statements_covered_display": "94"}, "missing_lines": [25, 26, 27, 85], "excluded_lines": [], "functions": {"configure_logging": {"executed_lines": [21, 22, 23, 24, 28], "summary": {"covered_lines": 5, "num_statements": 8, "percent_covered": 62.5, "percent_covered_display": "62", "missing_lines": 3, "excluded_lines": 0, "percent_statements_covered": 62.5, "percent_statements_covered_display": "62"}, "missing_lines": [25, 26, 27], "excluded_lines": [], "start_line": 19}, "emit": {"executed_lines": [32, 37], "summary": {"covered_lines": 2, "num_statements": 2, "percent_covered": 100.0, "percent_covered_display": "100", "missing_lines": 0, "excluded_lines": 0, "percent_statements_covered": 100.0, "percent_statements_covered_display": "100"}, "missing_lines": [], "excluded_lines": [], "start_line": 31}, "_route_name": {"executed_lines": [41], "summary": {"covered_lines": 1, "num_statements": 1, "percent_covered": 100.0, "percent_covered_display": "100", "missing_lines": 0, "excluded_lines": 0, "percent_statements_covered": 100.0, "percent_statements_covered_display": "100"}, "missing_lines": [], "excluded_lines": [], "start_line": 40}, "start_request": {"executed_lines": [45, 46, 47, 48, 49, 50, 51], "summary": {"covered_lines": 7, "num_statements": 7, "percent_covered": 100.0, "percent_covered_display": "100", "missing_lines": 0, "excluded_lines": 0, "percent_statements_covered": 100.0, "percent_statements_covered_display": "100"}, "missing_lines": [], "excluded_lines": [], "start_line": 44}, "finish_request": {"executed_lines": [55, 56, 57, 58, 59, 60, 62, 63, 64, 65, 66, 67, 68, 69, 70, 72, 80], "summary": {"covered_lines": 17, "num_statements": 17, "percent_covered": 100.0, "percent_covered_display": "100", "missing_lines": 0, "excluded_lines": 0, "percent_statements_covered": 100.0, "percent_statements_covered_display": "100"}, "missing_lines": [], "excluded_lines": [], "start_line": 54}, "_percentile": {"executed_lines": [84, 86, 87, 88], "summary": {"covered_lines": 4, "num_statements": 5, "percent_covered": 80.0, "percent_covered_display": "80", "missing_lines": 1, "excluded_lines": 0, "percent_statements_covered": 80.0, "percent_statements_covered_display": "80"}, "missing_lines": [85], "excluded_lines": [], "start_line": 83}, "performance_snapshot": {"executed_lines": [92, 93, 94, 99, 108], "summary": {"covered_lines": 5, "num_statements": 5, "percent_covered": 100.0, "percent_covered_display": "100", "missing_lines": 0, "excluded_lines": 0, "percent_statements_covered": 100.0, "percent_statements_covered_display": "100"}, "missing_lines": [], "excluded_lines": [], "start_line": 91}, "": {"executed_lines": [3, 4, 5, 6, 7, 8, 9, 10, 12, 14, 15, 16, 19, 31, 40, 44, 54, 83, 91], "summary": {"covered_lines": 19, "num_statements": 19, "percent_covered": 100.0, "percent_covered_display": "100", "missing_lines": 0, "excluded_lines": 0, "percent_statements_covered": 100.0, "percent_statements_covered_display": "100"}, "missing_lines": [], "excluded_lines": [], "start_line": 1}}, "classes": {"": {"executed_lines": [3, 4, 5, 6, 7, 8, 9, 10, 12, 14, 15, 16, 19, 21, 22, 23, 24, 28, 31, 32, 37, 40, 41, 44, 45, 46, 47, 48, 49, 50, 51, 54, 55, 56, 57, 58, 59, 60, 62, 63, 64, 65, 66, 67, 68, 69, 70, 72, 80, 83, 84, 86, 87, 88, 91, 92, 93, 94, 99, 108], "summary": {"covered_lines": 60, "num_statements": 64, "percent_covered": 93.75, "percent_covered_display": "94", "missing_lines": 4, "excluded_lines": 0, "percent_statements_covered": 93.75, "percent_statements_covered_display": "94"}, "missing_lines": [25, 26, 27, 85], "excluded_lines": [], "start_line": 1}}}, "api\\plan.py": {"executed_lines": [2, 4, 7, 9, 10, 11, 20, 23, 24, 32, 33, 34, 35, 36, 37, 38, 39, 40, 41, 42, 68, 69, 71, 72, 74, 81, 82, 91, 92, 119, 120, 141, 142], "summary": {"covered_lines": 33, "num_statements": 94, "percent_covered": 35.1063829787234, "percent_covered_display": "35", "missing_lines": 61, "excluded_lines": 0, "percent_statements_covered": 35.1063829787234, "percent_statements_covered_display": "35"}, "missing_lines": [25, 26, 27, 28, 29, 30, 51, 54, 55, 56, 57, 67, 73, 83, 84, 85, 93, 94, 95, 96, 97, 98, 99, 100, 101, 102, 108, 109, 110, 115, 116, 121, 122, 123, 124, 125, 127, 128, 129, 131, 132, 133, 137, 138, 143, 144, 145, 146, 147, 149, 150, 156, 164, 165, 169, 170, 172, 173, 175, 177, 181], "excluded_lines": [], "functions": {"planner_config_reset": {"executed_lines": [], "summary": {"covered_lines": 0, "num_statements": 6, "percent_covered": 0.0, "percent_covered_display": "0", "missing_lines": 6, "excluded_lines": 0, "percent_statements_covered": 0.0, "percent_statements_covered_display": "0"}, "missing_lines": [25, 26, 27, 28, 29, 30], "excluded_lines": [], "start_line": 24}, "planner_config": {"executed_lines": [34, 35, 36, 37, 38, 39, 40, 41, 42, 68, 69, 71, 72, 74], "summary": {"covered_lines": 14, "num_statements": 21, "percent_covered": 66.66666666666667, "percent_covered_display": "67", "missing_lines": 7, "excluded_lines": 0, "percent_statements_covered": 66.66666666666667, "percent_statements_covered_display": "67"}, "missing_lines": [51, 54, 55, 56, 57, 67, 73], "excluded_lines": [], "start_line": 33}, "get_planner": {"executed_lines": [], "summary": {"covered_lines": 0, "num_statements": 3, "percent_covered": 0.0, "percent_covered_display": "0", "missing_lines": 3, "excluded_lines": 0, "percent_statements_covered": 0.0, "percent_statements_covered_display": "0"}, "missing_lines": [83, 84, 85], "excluded_lines": [], "start_line": 82}, "planner_study": {"executed_lines": [], "summary": {"covered_lines": 0, "num_statements": 15, "percent_covered": 0.0, "percent_covered_display": "0", "missing_lines": 15, "excluded_lines": 0, "percent_statements_covered": 0.0, "percent_statements_covered_display": "0"}, "missing_lines": [93, 94, 95, 96, 97, 98, 99, 100, 101, 102, 108, 109, 110, 115, 116], "excluded_lines": [], "start_line": 92}, "planner_revision": {"executed_lines": [], "summary": {"covered_lines": 0, "num_statements": 13, "percent_covered": 0.0, "percent_covered_display": "0", "missing_lines": 13, "excluded_lines": 0, "percent_statements_covered": 0.0, "percent_statements_covered_display": "0"}, "missing_lines": [121, 122, 123, 124, 125, 127, 128, 129, 131, 132, 133, 137, 138], "excluded_lines": [], "start_line": 120}, "generate_plan": {"executed_lines": [], "summary": {"covered_lines": 0, "num_statements": 17, "percent_covered": 0.0, "percent_covered_display": "0", "missing_lines": 17, "excluded_lines": 0, "percent_statements_covered": 0.0, "percent_statements_covered_display": "0"}, "missing_lines": [143, 144, 145, 146, 147, 149, 150, 156, 164, 165, 169, 170, 172, 173, 175, 177, 181], "excluded_lines": [], "start_line": 142}, "": {"executed_lines": [2, 4, 7, 9, 10, 11, 20, 23, 24, 32, 33, 81, 82, 91, 92, 119, 120, 141, 142], "summary": {"covered_lines": 19, "num_statements": 19, "percent_covered": 100.0, "percent_covered_display": "100", "missing_lines": 0, "excluded_lines": 0, "percent_statements_covered": 100.0, "percent_statements_covered_display": "100"}, "missing_lines": [], "excluded_lines": [], "start_line": 1}}, "classes": {"": {"executed_lines": [2, 4, 7, 9, 10, 11, 20, 23, 24, 32, 33, 34, 35, 36, 37, 38, 39, 40, 41, 42, 68, 69, 71, 72, 74, 81, 82, 91, 92, 119, 120, 141, 142], "summary": {"covered_lines": 33, "num_statements": 94, "percent_covered": 35.1063829787234, "percent_covered_display": "35", "missing_lines": 61, "excluded_lines": 0, "percent_statements_covered": 35.1063829787234, "percent_statements_covered_display": "35"}, "missing_lines": [25, 26, 27, 28, 29, 30, 51, 54, 55, 56, 57, 67, 73, 83, 84, 85, 93, 94, 95, 96, 97, 98, 99, 100, 101, 102, 108, 109, 110, 115, 116, 121, 122, 123, 124, 125, 127, 128, 129, 131, 132, 133, 137, 138, 143, 144, 145, 146, 147, 149, 150, 156, 164, 165, 169, 170, 172, 173, 175, 177, 181], "excluded_lines": [], "start_line": 1}}}, "api\\questions.py": {"executed_lines": [2, 3, 4, 5, 6, 7, 9, 11, 12, 13, 14, 15, 16, 28, 29, 30, 31, 32, 33, 35, 36, 37, 38, 39, 40, 43, 45, 46, 47, 48, 49, 51, 54, 56, 57, 58, 59, 60, 62, 64, 67, 69, 70, 71, 74, 80, 84, 85, 87, 89, 90, 91, 92, 93, 97, 98, 99, 108, 109, 110, 111, 112, 113, 116, 122, 123, 146, 147, 148, 149, 150, 151, 152, 197, 198, 249, 250, 253, 257, 258, 259, 260, 262, 263, 267, 269, 270, 271, 272, 274, 275, 277, 287, 297, 298, 299, 300, 301, 302, 303, 305, 317, 318, 321, 322, 342, 343, 344, 345, 346, 347, 348, 349, 350, 351, 353, 354, 360, 361, 362, 365, 366, 374, 375, 435, 436, 437, 438, 440, 441, 442, 443, 444, 446, 447, 448, 449, 450, 452, 454, 455, 460, 461, 462, 464, 472, 473, 474, 475, 476, 483, 484, 491, 492, 494, 495, 502, 503, 504, 505, 507, 508, 509, 510, 513, 514, 515, 516, 517, 519, 520, 522, 523, 527, 533, 539, 545, 546, 547, 554, 555, 556, 558, 559, 565, 566, 567, 568, 570, 571, 572, 573, 576, 577, 578, 584, 585, 588, 589, 590, 591, 592, 593, 594, 596, 597, 598, 600, 601, 602, 604, 605, 606, 608, 609, 610, 612, 615, 616, 617, 618, 619, 620, 624, 627, 628, 629, 632, 633, 634, 636, 642, 643, 644, 651, 659, 660, 661, 663, 664, 671, 672, 673, 674, 676, 677, 678, 679, 682, 683, 684, 689, 691, 692, 700, 701, 705, 706, 708, 709, 710, 712, 713, 720, 721, 727, 728, 729, 730, 731, 732, 734, 735, 736, 737, 738, 739, 740, 741, 743, 744, 745, 747, 748, 750, 751, 753, 756, 757, 764, 770, 773, 774, 775, 783, 784, 785, 786, 789, 790, 801, 826, 829, 830], "summary": {"covered_lines": 304, "num_statements": 512, "percent_covered": 59.375, "percent_covered_display": "59", "missing_lines": 208, "excluded_lines": 0, "percent_statements_covered": 59.375, "percent_statements_covered_display": "59"}, "missing_lines": [42, 50, 52, 53, 86, 101, 105, 118, 119, 124, 125, 126, 127, 128, 129, 130, 132, 133, 134, 135, 141, 142, 143, 153, 154, 155, 157, 158, 161, 162, 164, 165, 166, 167, 169, 170, 171, 172, 174, 175, 176, 177, 178, 179, 181, 182, 184, 185, 192, 193, 194, 199, 200, 201, 202, 203, 205, 206, 207, 208, 209, 210, 211, 212, 213, 214, 215, 216, 217, 219, 220, 221, 222, 224, 225, 227, 228, 230, 240, 241, 242, 243, 244, 245, 246, 288, 289, 290, 291, 292, 293, 294, 295, 323, 324, 325, 326, 327, 328, 329, 330, 331, 332, 333, 334, 335, 339, 352, 367, 368, 369, 370, 371, 376, 377, 386, 387, 388, 389, 390, 391, 392, 393, 395, 396, 397, 398, 399, 400, 402, 403, 404, 406, 407, 408, 409, 410, 415, 451, 456, 457, 458, 496, 497, 498, 499, 511, 518, 528, 529, 530, 531, 540, 541, 542, 543, 560, 561, 562, 563, 574, 579, 580, 581, 582, 625, 630, 665, 666, 667, 668, 680, 685, 686, 687, 688, 693, 694, 695, 697, 698, 702, 703, 714, 715, 716, 717, 754, 761, 762, 768, 771, 776, 777, 778, 787, 791, 792, 793, 796, 797, 798, 799, 831, 833, 834, 835, 836], "excluded_lines": [], "functions": {"SimpleTTLCache.__init__": {"executed_lines": [30, 31, 32, 33], "summary": {"covered_lines": 4, "num_statements": 4, "percent_covered": 100.0, "percent_covered_display": "100", "missing_lines": 0, "excluded_lines": 0, "percent_statements_covered": 100.0, "percent_statements_covered_display": "100"}, "missing_lines": [], "excluded_lines": [], "start_line": 29}, "SimpleTTLCache.get": {"executed_lines": [36, 37, 38, 39, 40, 43], "summary": {"covered_lines": 6, "num_statements": 7, "percent_covered": 85.71428571428571, "percent_covered_display": "86", "missing_lines": 1, "excluded_lines": 0, "percent_statements_covered": 85.71428571428571, "percent_statements_covered_display": "86"}, "missing_lines": [42], "excluded_lines": [], "start_line": 35}, "SimpleTTLCache.set": {"executed_lines": [46, 47, 48, 49, 51, 54], "summary": {"covered_lines": 6, "num_statements": 9, "percent_covered": 66.66666666666667, "percent_covered_display": "67", "missing_lines": 3, "excluded_lines": 0, "percent_statements_covered": 66.66666666666667, "percent_statements_covered_display": "67"}, "missing_lines": [50, 52, 53], "excluded_lines": [], "start_line": 45}, "SimpleTTLCache.clear_user": {"executed_lines": [57, 58, 59, 60], "summary": {"covered_lines": 4, "num_statements": 4, "percent_covered": 100.0, "percent_covered_display": "100", "missing_lines": 0, "excluded_lines": 0, "percent_statements_covered": 100.0, "percent_statements_covered_display": "100"}, "missing_lines": [], "excluded_lines": [], "start_line": 56}, "invalidate_user_caches": {"executed_lines": [69, 70, 71], "summary": {"covered_lines": 3, "num_statements": 3, "percent_covered": 100.0, "percent_covered_display": "100", "missing_lines": 0, "excluded_lines": 0, "percent_statements_covered": 100.0, "percent_statements_covered_display": "100"}, "missing_lines": [], "excluded_lines": [], "start_line": 67}, "_sample_ids": {"executed_lines": [80, 84, 85, 87, 89, 90, 91, 92, 93, 97, 98, 99], "summary": {"covered_lines": 12, "num_statements": 15, "percent_covered": 80.0, "percent_covered_display": "80", "missing_lines": 3, "excluded_lines": 0, "percent_statements_covered": 80.0, "percent_statements_covered_display": "80"}, "missing_lines": [86, 101, 105], "excluded_lines": [], "start_line": 74}, "_bounded_int": {"executed_lines": [109, 110, 111, 112, 113], "summary": {"covered_lines": 5, "num_statements": 5, "percent_covered": 100.0, "percent_covered_display": "100", "missing_lines": 0, "excluded_lines": 0, "percent_statements_covered": 100.0, "percent_statements_covered_display": "100"}, "missing_lines": [], "excluded_lines": [], "start_line": 108}, "_fts_phrase": {"executed_lines": [], "summary": {"covered_lines": 0, "num_statements": 2, "percent_covered": 0.0, "percent_covered_display": "0", "missing_lines": 2, "excluded_lines": 0, "percent_statements_covered": 0.0, "percent_statements_covered_display": "0"}, "missing_lines": [118, 119], "excluded_lines": [], "start_line": 116}, "simulado_usp": {"executed_lines": [], "summary": {"covered_lines": 0, "num_statements": 14, "percent_covered": 0.0, "percent_covered_display": "0", "missing_lines": 14, "excluded_lines": 0, "percent_statements_covered": 0.0, "percent_statements_covered_display": "0"}, "missing_lines": [124, 125, 126, 127, 128, 129, 130, 132, 133, 134, 135, 141, 142, 143], "excluded_lines": [], "start_line": 123}, "simulado_custom": {"executed_lines": [148, 149, 150, 151, 152], "summary": {"covered_lines": 5, "num_statements": 33, "percent_covered": 15.151515151515152, "percent_covered_display": "15", "missing_lines": 28, "excluded_lines": 0, "percent_statements_covered": 15.151515151515152, "percent_statements_covered_display": "15"}, "missing_lines": [153, 154, 155, 157, 158, 161, 162, 164, 165, 166, 167, 169, 170, 171, 172, 174, 175, 176, 177, 178, 179, 181, 182, 184, 185, 192, 193, 194], "excluded_lines": [], "start_line": 147}, "search_questions": {"executed_lines": [], "summary": {"covered_lines": 0, "num_statements": 22, "percent_covered": 0.0, "percent_covered_display": "0", "missing_lines": 22, "excluded_lines": 0, "percent_statements_covered": 0.0, "percent_statements_covered_display": "0"}, "missing_lines": [199, 200, 201, 202, 203, 205, 219, 220, 221, 222, 224, 225, 227, 228, 230, 240, 241, 242, 243, 244, 245, 246], "excluded_lines": [], "start_line": 198}, "search_questions.make_like_clauses": {"executed_lines": [], "summary": {"covered_lines": 0, "num_statements": 12, "percent_covered": 0.0, "percent_covered_display": "0", "missing_lines": 12, "excluded_lines": 0, "percent_statements_covered": 0.0, "percent_statements_covered_display": "0"}, "missing_lines": [206, 207, 208, 209, 210, 211, 212, 213, 214, 215, 216, 217], "excluded_lines": [], "start_line": 205}, "meta": {"executed_lines": [253, 257, 258, 259, 260, 262, 263, 267, 269, 270, 271, 272, 274, 275, 277, 287, 297, 298, 299, 300, 301, 302, 303, 305, 317, 318], "summary": {"covered_lines": 26, "num_statements": 34, "percent_covered": 76.47058823529412, "percent_covered_display": "76", "missing_lines": 8, "excluded_lines": 0, "percent_statements_covered": 76.47058823529412, "percent_statements_covered_display": "76"}, "missing_lines": [288, 289, 290, 291, 292, 293, 294, 295], "excluded_lines": [], "start_line": 250}, "subtemas": {"executed_lines": [], "summary": {"covered_lines": 0, "num_statements": 14, "percent_covered": 0.0, "percent_covered_display": "0", "missing_lines": 14, "excluded_lines": 0, "percent_statements_covered": 0.0, "percent_statements_covered_display": "0"}, "missing_lines": [323, 324, 325, 326, 327, 328, 329, 330, 331, 332, 333, 334, 335, 339], "excluded_lines": [], "start_line": 322}, "questions": {"executed_lines": [344, 345, 346, 347, 348, 349, 350, 351, 353, 354, 360, 361, 362], "summary": {"covered_lines": 13, "num_statements": 14, "percent_covered": 92.85714285714286, "percent_covered_display": "93", "missing_lines": 1, "excluded_lines": 0, "percent_statements_covered": 92.85714285714286, "percent_statements_covered_display": "93"}, "missing_lines": [352], "excluded_lines": [], "start_line": 343}, "questions_count": {"executed_lines": [], "summary": {"covered_lines": 0, "num_statements": 5, "percent_covered": 0.0, "percent_covered_display": "0", "missing_lines": 5, "excluded_lines": 0, "percent_statements_covered": 0.0, "percent_statements_covered_display": "0"}, "missing_lines": [367, 368, 369, 370, 371], "excluded_lines": [], "start_line": 366}, "question_detail": {"executed_lines": [], "summary": {"covered_lines": 0, "num_statements": 25, "percent_covered": 0.0, "percent_covered_display": "0", "missing_lines": 25, "excluded_lines": 0, "percent_statements_covered": 0.0, "percent_statements_covered_display": "0"}, "missing_lines": [376, 377, 386, 387, 388, 389, 390, 391, 392, 393, 395, 396, 397, 398, 399, 400, 402, 403, 404, 406, 407, 408, 409, 410, 415], "excluded_lines": [], "start_line": 375}, "submit_attempt": {"executed_lines": [437, 438, 440, 441, 442, 443, 444, 446, 447, 448, 449, 450, 452, 454, 455, 460, 461, 462, 464, 472, 473, 474, 475, 476, 483, 484, 491, 492, 494, 495], "summary": {"covered_lines": 30, "num_statements": 38, "percent_covered": 78.94736842105263, "percent_covered_display": "79", "missing_lines": 8, "excluded_lines": 0, "percent_statements_covered": 78.94736842105263, "percent_statements_covered_display": "79"}, "missing_lines": [451, 456, 457, 458, 496, 497, 498, 499], "excluded_lines": [], "start_line": 436}, "review_fsrs": {"executed_lines": [504, 505, 507, 508, 509, 510, 513, 514, 515, 516, 517, 519, 520, 522, 523, 527, 533, 539, 545, 546, 547, 554, 555, 556, 558, 559], "summary": {"covered_lines": 26, "num_statements": 40, "percent_covered": 65.0, "percent_covered_display": "65", "missing_lines": 14, "excluded_lines": 0, "percent_statements_covered": 65.0, "percent_statements_covered_display": "65"}, "missing_lines": [511, 518, 528, 529, 530, 531, 540, 541, 542, 543, 560, 561, 562, 563], "excluded_lines": [], "start_line": 503}, "submit_attempt_batch": {"executed_lines": [567, 568, 570, 571, 572, 573, 576, 577, 578, 584, 585, 588, 589, 590, 591, 592, 593, 594, 596, 597, 598, 600, 601, 602, 604, 605, 606, 608, 609, 610, 612, 615, 616, 617, 618, 619, 620, 624, 627, 628, 629, 632, 633, 634, 636, 642, 643, 644, 651, 659, 660, 661, 663, 664], "summary": {"covered_lines": 54, "num_statements": 65, "percent_covered": 83.07692307692308, "percent_covered_display": "83", "missing_lines": 11, "excluded_lines": 0, "percent_statements_covered": 83.07692307692308, "percent_statements_covered_display": "83"}, "missing_lines": [574, 579, 580, 581, 582, 625, 630, 665, 666, 667, 668], "excluded_lines": [], "start_line": 566}, "toggle_favorite": {"executed_lines": [673, 674, 676, 677, 678, 679, 682, 683, 684, 689, 691, 692, 700, 701, 705, 706, 708, 709, 710, 712, 713], "summary": {"covered_lines": 21, "num_statements": 37, "percent_covered": 56.75675675675676, "percent_covered_display": "57", "missing_lines": 16, "excluded_lines": 0, "percent_statements_covered": 56.75675675675676, "percent_statements_covered_display": "57"}, "missing_lines": [680, 685, 686, 687, 688, 693, 694, 695, 697, 698, 702, 703, 714, 715, 716, 717], "excluded_lines": [], "start_line": 672}, "question_batch_detail": {"executed_lines": [727, 728, 729, 730, 731, 732, 734, 735, 736, 737, 738, 739, 740, 741, 743, 744, 745, 747, 748, 750, 751, 753, 756, 757, 764, 770, 773, 774, 775, 783, 784, 785, 786, 789, 790, 801, 826], "summary": {"covered_lines": 37, "num_statements": 53, "percent_covered": 69.81132075471699, "percent_covered_display": "70", "missing_lines": 16, "excluded_lines": 0, "percent_statements_covered": 69.81132075471699, "percent_statements_covered_display": "70"}, "missing_lines": [754, 761, 762, 768, 771, 776, 777, 778, 787, 791, 792, 793, 796, 797, 798, 799], "excluded_lines": [], "start_line": 721}, "serve_image": {"executed_lines": [], "summary": {"covered_lines"
[...]
uded_lines": [], "start_line": 62}, "PlannerStudyIn": {"executed_lines": [], "summary": {"covered_lines": 0, "num_statements": 0, "percent_covered": 100.0, "percent_covered_display": "100", "missing_lines": 0, "excluded_lines": 0, "percent_statements_covered": 100.0, "percent_statements_covered_display": "100"}, "missing_lines": [], "excluded_lines": [], "start_line": 70}, "PlannerRevisionIn": {"executed_lines": [], "summary": {"covered_lines": 0, "num_statements": 0, "percent_covered": 100.0, "percent_covered_display": "100", "missing_lines": 0, "excluded_lines": 0, "percent_statements_covered": 100.0, "percent_statements_covered_display": "100"}, "missing_lines": [], "excluded_lines": [], "start_line": 74}, "GeneratePlanIn": {"executed_lines": [], "summary": {"covered_lines": 0, "num_statements": 0, "percent_covered": 100.0, "percent_covered_display": "100", "missing_lines": 0, "excluded_lines": 0, "percent_statements_covered": 100.0, "percent_statements_covered_display": "100"}, "missing_lines": [], "excluded_lines": [], "start_line": 79}, "SimuladoCustomIn": {"executed_lines": [], "summary": {"covered_lines": 0, "num_statements": 0, "percent_covered": 100.0, "percent_covered_display": "100", "missing_lines": 0, "excluded_lines": 0, "percent_statements_covered": 100.0, "percent_statements_covered_display": "100"}, "missing_lines": [], "excluded_lines": [], "start_line": 86}, "QuestionBatchIn": {"executed_lines": [101, 102, 104, 105], "summary": {"covered_lines": 4, "num_statements": 4, "percent_covered": 100.0, "percent_covered_display": "100", "missing_lines": 0, "excluded_lines": 0, "percent_statements_covered": 100.0, "percent_statements_covered_display": "100"}, "missing_lines": [], "excluded_lines": [], "start_line": 95}, "FavoriteIn": {"executed_lines": [], "summary": {"covered_lines": 0, "num_statements": 0, "percent_covered": 100.0, "percent_covered_display": "100", "missing_lines": 0, "excluded_lines": 0, "percent_statements_covered": 100.0, "percent_statements_covered_display": "100"}, "missing_lines": [], "excluded_lines": [], "start_line": 108}, "FlashcardGenerateIn": {"executed_lines": [], "summary": {"covered_lines": 0, "num_statements": 0, "percent_covered": 100.0, "percent_covered_display": "100", "missing_lines": 0, "excluded_lines": 0, "percent_statements_covered": 100.0, "percent_statements_covered_display": "100"}, "missing_lines": [], "excluded_lines": [], "start_line": 112}, "FlashcardPreviewIn": {"executed_lines": [], "summary": {"covered_lines": 0, "num_statements": 0, "percent_covered": 100.0, "percent_covered_display": "100", "missing_lines": 0, "excluded_lines": 0, "percent_statements_covered": 100.0, "percent_statements_covered_display": "100"}, "missing_lines": [], "excluded_lines": [], "start_line": 117}, "FlashcardSaveIn": {"executed_lines": [], "summary": {"covered_lines": 0, "num_statements": 0, "percent_covered": 100.0, "percent_covered_display": "100", "missing_lines": 0, "excluded_lines": 0, "percent_statements_covered": 100.0, "percent_statements_covered_display": "100"}, "missing_lines": [], "excluded_lines": [], "start_line": 122}, "FlashcardBatchIn": {"executed_lines": [134, 135, 136, 137], "summary": {"covered_lines": 4, "num_statements": 4, "percent_covered": 100.0, "percent_covered_display": "100", "missing_lines": 0, "excluded_lines": 0, "percent_statements_covered": 100.0, "percent_statements_covered_display": "100"}, "missing_lines": [], "excluded_lines": [], "start_line": 129}, "FlashcardReviewIn": {"executed_lines": [], "summary": {"covered_lines": 0, "num_statements": 0, "percent_covered": 100.0, "percent_covered_display": "100", "missing_lines": 0, "excluded_lines": 0, "percent_statements_covered": 100.0, "percent_statements_covered_display": "100"}, "missing_lines": [], "excluded_lines": [], "start_line": 140}, "FlashcardReportIn": {"executed_lines": [], "summary": {"covered_lines": 0, "num_statements": 0, "percent_covered": 100.0, "percent_covered_display": "100", "missing_lines": 0, "excluded_lines": 0, "percent_statements_covered": 100.0, "percent_statements_covered_display": "100"}, "missing_lines": [], "excluded_lines": [], "start_line": 144}, "": {"executed_lines": [2, 4, 6, 29, 32, 35, 38, 41, 42, 43, 44, 47, 48, 49, 50, 51, 54, 55, 58, 59, 62, 63, 64, 65, 66, 67, 70, 71, 74, 75, 76, 79, 80, 81, 82, 83, 86, 87, 88, 89, 91, 92, 95, 96, 97, 99, 100, 108, 109, 112, 113, 114, 117, 118, 119, 122, 123, 124, 125, 126, 129, 130, 132, 133, 140, 141, 144, 145], "summary": {"covered_lines": 68, "num_statements": 68, "percent_covered": 100.0, "percent_covered_display": "100", "missing_lines": 0, "excluded_lines": 0, "percent_statements_covered": 100.0, "percent_statements_covered_display": "100"}, "missing_lines": [], "excluded_lines": [], "start_line": 1}}}, "api\\srs.py": {"executed_lines": [10, 11, 13, 15, 17, 24, 25, 26, 27, 30, 32, 33, 34, 35], "summary": {"covered_lines": 14, "num_statements": 14, "percent_covered": 100.0, "percent_covered_display": "100", "missing_lines": 0, "excluded_lines": 0, "percent_statements_covered": 100.0, "percent_statements_covered_display": "100"}, "missing_lines": [], "excluded_lines": [], "functions": {"_rating": {"executed_lines": [25, 26, 27], "summary": {"covered_lines": 3, "num_statements": 3, "percent_covered": 100.0, "percent_covered_display": "100", "missing_lines": 0, "excluded_lines": 0, "percent_statements_covered": 100.0, "percent_statements_covered_display": "100"}, "missing_lines": [], "excluded_lines": [], "start_line": 24}, "review": {"executed_lines": [32, 33, 34, 35], "summary": {"covered_lines": 4, "num_statements": 4, "percent_covered": 100.0, "percent_covered_display": "100", "missing_lines": 0, "excluded_lines": 0, "percent_statements_covered": 100.0, "percent_statements_covered_display": "100"}, "missing_lines": [], "excluded_lines": [], "start_line": 30}, "": {"executed_lines": [10, 11, 13, 15, 17, 24, 30], "summary": {"covered_lines": 7, "num_statements": 7, "percent_covered": 100.0, "percent_covered_display": "100", "missing_lines": 0, "excluded_lines": 0, "percent_statements_covered": 100.0, "percent_statements_covered_display": "100"}, "missing_lines": [], "excluded_lines": [], "start_line": 1}}, "classes": {"": {"executed_lines": [10, 11, 13, 15, 17, 24, 25, 26, 27, 30, 32, 33, 34, 35], "summary": {"covered_lines": 14, "num_statements": 14, "percent_covered": 100.0, "percent_covered_display": "100", "missing_lines": 0, "excluded_lines": 0, "percent_statements_covered": 100.0, "percent_statements_covered_display": "100"}, "missing_lines": [], "excluded_lines": [], "start_line": 1}}}, "api\\stats.py": {"executed_lines": [1, 2, 3, 4, 5, 7, 9, 11, 12, 14, 16, 19, 20, 21, 22, 23, 24, 25, 27, 28, 29, 31, 34, 36, 37, 38, 39, 40, 43, 47, 48, 50, 51, 52, 53, 54, 55, 57, 58, 60, 71, 76, 77, 78, 79, 80, 81, 82, 83, 84, 85, 86, 87, 89, 90, 91, 92, 93, 94, 95, 103, 104, 105, 106, 110, 111, 112, 115, 116, 117, 118, 119, 123, 150, 151, 152, 153, 154, 155, 156, 157, 159, 160, 161, 162, 164, 167, 168, 171, 172, 174, 183, 184, 187, 204, 205, 221, 222, 250, 251, 252, 253, 254, 255, 256, 257, 258, 266, 273, 274, 383, 384, 385, 388, 389, 391, 392, 393, 394, 395, 396, 397, 410, 411, 412, 413, 414, 424, 425, 426, 427, 437, 438, 491, 492, 538, 539, 556, 557, 558, 561, 562, 563, 564, 569, 570, 571, 572, 575, 578, 585, 586, 587, 588, 589, 592, 603, 604, 614, 615, 616, 617, 618, 621, 637, 638, 639, 640, 642, 643, 644, 645, 646, 648, 649, 650, 651, 653, 654, 656, 657, 665, 679, 680, 681, 682, 683, 684, 685, 686, 687, 690, 692, 693, 694, 695, 696, 697, 698, 699, 701, 702, 703, 704, 705, 707, 710, 711], "summary": {"covered_lines": 208, "num_statements": 365, "percent_covered": 56.986301369863014, "percent_covered_display": "57", "missing_lines": 157, "excluded_lines": 0, "percent_statements_covered": 56.986301369863014, "percent_statements_covered_display": "57"}, "missing_lines": [30, 32, 33, 41, 42, 44, 45, 46, 61, 62, 63, 64, 67, 68, 107, 108, 113, 188, 189, 196, 197, 198, 199, 201, 206, 207, 208, 215, 216, 217, 218, 223, 224, 225, 226, 227, 228, 230, 231, 238, 243, 275, 276, 277, 281, 282, 289, 292, 293, 300, 308, 309, 310, 311, 312, 313, 320, 327, 328, 329, 330, 337, 338, 343, 344, 345, 346, 347, 348, 349, 350, 351, 352, 360, 361, 365, 366, 368, 369, 374, 375, 380, 439, 441, 442, 445, 452, 453, 459, 460, 461, 463, 464, 465, 468, 469, 470, 476, 477, 483, 485, 493, 497, 499, 508, 509, 510, 511, 512, 513, 514, 515, 517, 518, 520, 521, 524, 525, 526, 527, 534, 535, 540, 541, 542, 543, 544, 545, 546, 547, 548, 549, 550, 552, 553, 565, 566, 573, 574, 605, 606, 607, 619, 658, 659, 660, 661, 663, 688, 713, 714, 721, 722, 723, 724, 726, 727], "excluded_lines": [], "functions": {"SimpleTTLCache.__init__": {"executed_lines": [21, 22, 23, 24, 25], "summary": {"covered_lines": 5, "num_statements": 5, "percent_covered": 100.0, "percent_covered_display": "100", "missing_lines": 0, "excluded_lines": 0, "percent_statements_covered": 100.0, "percent_statements_covered_display": "100"}, "missing_lines": [], "excluded_lines": [], "start_line": 20}, "SimpleTTLCache.get": {"executed_lines": [28, 29, 31, 34], "summary": {"covered_lines": 4, "num_statements": 7, "percent_covered": 57.142857142857146, "percent_covered_display": "57", "missing_lines": 3, "excluded_lines": 0, "percent_statements_covered": 57.142857142857146, "percent_statements_covered_display": "57"}, "missing_lines": [30, 32, 33], "excluded_lines": [], "start_line": 27}, "SimpleTTLCache.set": {"executed_lines": [37, 38, 39, 40, 43, 47, 48], "summary": {"covered_lines": 7, "num_statements": 12, "percent_covered": 58.333333333333336, "percent_covered_display": "58", "missing_lines": 5, "excluded_lines": 0, "percent_statements_covered": 58.333333333333336, "percent_statements_covered_display": "58"}, "missing_lines": [41, 42, 44, 45, 46], "excluded_lines": [], "start_line": 36}, "SimpleTTLCache.clear_user": {"executed_lines": [51, 52, 53, 54, 55], "summary": {"covered_lines": 5, "num_statements": 5, "percent_covered": 100.0, "percent_covered_display": "100", "missing_lines": 0, "excluded_lines": 0, "percent_statements_covered": 100.0, "percent_statements_covered_display": "100"}, "missing_lines": [], "excluded_lines": [], "start_line": 50}, "_get_cached_area_totals": {"executed_lines": [], "summary": {"covered_lines": 0, "num_statements": 6, "percent_covered": 0.0, "percent_covered_display": "0", "missing_lines": 6, "excluded_lines": 0, "percent_statements_covered": 0.0, "percent_statements_covered_display": "0"}, "missing_lines": [61, 62, 63, 64, 67, 68], "excluded_lines": [], "start_line": 60}, "responsible_streak": {"executed_lines": [76, 77, 78, 79, 80, 81, 82, 83, 84, 85, 86, 87, 89, 90, 91, 92, 93, 94, 95], "summary": {"covered_lines": 19, "num_statements": 19, "percent_covered": 100.0, "percent_covered_display": "100", "missing_lines": 0, "excluded_lines": 0, "percent_statements_covered": 100.0, "percent_statements_covered_display": "100"}, "missing_lines": [], "excluded_lines": [], "start_line": 71}, "overview": {"executed_lines": [105, 106, 110, 111, 112, 115, 116, 117, 118, 119, 123, 150, 151, 152, 153, 154, 155, 156, 157, 159, 160, 161, 162, 164, 167, 168, 171, 172, 174, 183, 184], "summary": {"covered_lines": 31, "num_statements": 34, "percent_covered": 91.17647058823529, "percent_covered_display": "91", "missing_lines": 3, "excluded_lines": 0, "percent_statements_covered": 91.17647058823529, "percent_statements_covered_display": "91"}, "missing_lines": [107, 108, 113], "excluded_lines": [], "start_line": 104}, "_breakdown": {"executed_lines": [], "summary": {"covered_lines": 0, "num_statements": 7, "percent_covered": 0.0, "percent_covered_display": "0", "missing_lines": 7, "excluded_lines": 0, "percent_statements_covered": 0.0, "percent_statements_covered_display": "0"}, "missing_lines": [188, 189, 196, 197, 198, 199, 201], "excluded_lines": [], "start_line": 187}, "breakdown": {"executed_lines": [], "summary": {"covered_lines": 0, "num_statements": 7, "percent_covered": 0.0, "percent_covered_display": "0", "missing_lines": 7, "excluded_lines": 0, "percent_statements_covered": 0.0, "percent_statements_covered_display": "0"}, "missing_lines": [206, 207, 208, 215, 216, 217, 218], "excluded_lines": [], "start_line": 205}, "timeline": {"executed_lines": [], "summary": {"covered_lines": 0, "num_statements": 10, "percent_covered": 0.0, "percent_covered_display": "0", "missing_lines": 10, "excluded_lines": 0, "percent_statements_covered": 0.0, "percent_statements_covered_display": "0"}, "missing_lines": [223, 224, 225, 226, 227, 228, 230, 231, 238, 243], "excluded_lines": [], "start_line": 222}, "weak_topics": {"executed_lines": [252, 253, 254, 255, 256, 257, 258, 266], "summary": {"covered_lines": 8, "num_statements": 8, "percent_covered": 100.0, "percent_covered_display": "100", "missing_lines": 0, "excluded_lines": 0, "percent_statements_covered": 100.0, "percent_statements_covered_display": "100"}, "missing_lines": [], "excluded_lines": [], "start_line": 251}, "recommendations": {"executed_lines": [], "summary": {"covered_lines": 0, "num_statements": 41, "percent_covered": 0.0, "percent_covered_display": "0", "missing_lines": 41, "excluded_lines": 0, "percent_statements_covered": 0.0, "percent_statements_covered_display": "0"}, "missing_lines": [275, 276, 277, 281, 282, 289, 292, 293, 300, 308, 309, 310, 311, 312, 313, 320, 327, 328, 329, 330, 337, 338, 343, 344, 345, 346, 347, 348, 349, 350, 351, 352, 360, 361, 365, 366, 368, 369, 374, 375, 380], "excluded_lines": [], "start_line": 274}, "learning_profile": {"executed_lines": [385], "summary": {"covered_lines": 1, "num_statements": 1, "percent_covered": 100.0, "percent_covered_display": "100", "missing_lines": 0, "excluded_lines": 0, "percent_statements_covered": 100.0, "percent_statements_covered_display": "100"}, "missing_lines": [], "excluded_lines": [], "start_line": 384}, "exam_readiness": {"executed_lines": [391, 392, 393, 394, 395, 396, 397, 410, 411, 412, 413, 414, 424, 425, 426, 427], "summary": {"covered_lines": 16, "num_statements": 16, "percent_covered": 100.0, "percent_covered_display": "100", "missing_lines": 0, "excluded_lines": 0, "percent_statements_covered": 100.0, "percent_statements_covered_display": "100"}, "missing_lines": [], "excluded_lines": [], "start_line": 389}, "predictive_score": {"executed_lines": [], "summary": {"covered_lines": 0, "num_statements": 19, "percent_covered": 0.0, "percent_covered_display": "0", "missing_lines": 19, "excluded_lines": 0, "percent_statements_covered": 0.0, "percent_statements_covered_display": "0"}, "missing_lines": [439, 441, 442, 445, 452, 453, 459, 460, 461, 463, 464, 465, 468, 469, 470, 476, 477, 483, 485], "excluded_lines": [], "start_line": 438}, "at_risk": {"executed_lines": [], "summary": {"covered_lines": 0, "num_statements": 21, "percent_covered": 0.0, "percent_covered_display": "0", "missing_lines": 21, "excluded_lines": 0, "percent_statements_covered": 0.0, "percent_statements_covered_display": "0"}, "missing_lines": [493, 497, 499, 508, 509, 510, 511, 512, 513, 514, 515, 517, 518, 520, 521, 524, 525, 526, 527, 534, 535], "excluded_lines": [], "start_line": 492}, "reset_stats": {"executed_lines": [], "summary": {"covered_lines": 0, "num_statements": 13, "percent_covered": 0.0, "percent_covered_display": "0", "missing_lines": 13, "excluded_lines": 0, "percent_statements_covered": 0.0, "percent_statements_covered_display": "0"}, "missing_lines": [540, 541, 542, 543, 544, 545, 546, 547, 548, 549, 550, 552, 553], "excluded_lines": [], "start_line": 539}, "coverage": {"executed_lines": [558, 561, 562, 563, 564, 569, 570, 571, 572, 575, 578, 585, 586, 587, 588, 589, 592, 603, 604, 614, 615, 616, 617, 618, 621, 637, 638, 639, 640, 642, 643, 644, 645, 646, 648, 649, 650, 651, 653, 654, 656, 657, 665, 679, 680, 681, 682, 683, 684, 685, 686, 687, 690, 692, 693, 694, 695, 696, 697, 698, 699, 701, 702, 703, 704, 705, 707], "summary": {"covered_lines": 67, "num_statements": 81, "percent_covered": 82.71604938271605, "percent_covered_display": "83", "missing_lines": 14, "excluded_lines": 0, "percent_statements_covered": 82.71604938271605, "percent_statements_covered_display": "83"}, "missing_lines": [565, 566, 573, 574, 605, 606, 607, 619, 658, 659, 660, 661, 663, 688], "excluded_lines": [], "start_line": 557}, "distractors": {"executed_lines": [], "summary": {"covered_lines": 0, "num_statements": 8, "percent_covered": 0.0, "percent_covered_display": "0", "missing_lines": 8, "excluded_lines": 0, "percent_statements_covered": 0.0, "percent_statements_covered_display": "0"}, "missing_lines": [713, 714, 721, 722, 723, 724, 726, 727], "excluded_lines": [], "start_line": 711}, "": {"executed_lines": [1, 2, 3, 4, 5, 7, 9, 11, 12, 14, 16, 19, 20, 27, 36, 50, 57, 58, 60, 71, 103, 104, 187, 204, 205, 221, 222, 250, 251, 273, 274, 383, 384, 388, 389, 437, 438, 491, 492, 538, 539, 556, 557, 710, 711], "summary": {"covered_lines": 45, "num_statements": 45, "percent_covered": 100.0, "percent_covered_display": "100", "missing_lines": 0, "excluded_lines": 0, "percent_statements_covered": 100.0, "percent_statements_covered_display": "100"}, "missing_lines": [], "excluded_lines": [], "start_line": 1}}, "classes": {"SimpleTTLCache": {"executed_lines": [21, 22, 23, 24, 25, 28, 29, 31, 34, 37, 38, 39, 40, 43, 47, 48, 51, 52, 53, 54, 55], "summary": {"covered_lines": 21, "num_statements": 29, "percent_covered": 72.41379310344827, "percent_covered_display": "72", "missing_lines": 8, "excluded_lines": 0, "percent_statements_covered": 72.41379310344827, "percent_statements_covered_display": "72"}, "missing_lines": [30, 32, 33, 41, 42, 44, 45, 46], "excluded_lines": [], "start_line": 19}, "": {"executed_lines": [1, 2, 3, 4, 5, 7, 9, 11, 12, 14, 16, 19, 20, 27, 36, 50, 57, 58, 60, 71, 76, 77, 78, 79, 80, 81, 82, 83, 84, 85, 86, 87, 89, 90, 91, 92, 93, 94, 95, 103, 104, 105, 106, 110, 111, 112, 115, 116, 117, 118, 119, 123, 150, 151, 152, 153, 154, 155, 156, 157, 159, 160, 161, 162, 164, 167, 168, 171, 172, 174, 183, 184, 187, 204, 205, 221, 222, 250, 251, 252, 253, 254, 255, 256, 257, 258, 266, 273, 274, 383, 384, 385, 388, 389, 391, 392, 393, 394, 395, 396, 397, 410, 411, 412, 413, 414, 424, 425, 426, 427, 437, 438, 491, 492, 538, 539, 556, 557, 558, 561, 562, 563, 564, 569, 570, 571, 572, 575, 578, 585, 586, 587, 588, 589, 592, 603, 604, 614, 615, 616, 617, 618, 621, 637, 638, 639, 640, 642, 643, 644, 645, 646, 648, 649, 650, 651, 653, 654, 656, 657, 665, 679, 680, 681, 682, 683, 684, 685, 686, 687, 690, 692, 693, 694, 695, 696, 697, 698, 699, 701, 702, 703, 704, 705, 707, 710, 711], "summary": {"covered_lines": 187, "num_statements": 336, "percent_covered": 55.654761904761905, "percent_covered_display": "56", "missing_lines": 149, "excluded_lines": 0, "percent_statements_covered": 55.654761904761905, "percent_statements_covered_display": "56"}, "missing_lines": [61, 62, 63, 64, 67, 68, 107, 108, 113, 188, 189, 196, 197, 198, 199, 201, 206, 207, 208, 215, 216, 217, 218, 223, 224, 225, 226, 227, 228, 230, 231, 238, 243, 275, 276, 277, 281, 282, 289, 292, 293, 300, 308, 309, 310, 311, 312, 313, 320, 327, 328, 329, 330, 337, 338, 343, 344, 345, 346, 347, 348, 349, 350, 351, 352, 360, 361, 365, 366, 368, 369, 374, 375, 380, 439, 441, 442, 445, 452, 453, 459, 460, 461, 463, 464, 465, 468, 469, 470, 476, 477, 483, 485, 493, 497, 499, 508, 509, 510, 511, 512, 513, 514, 515, 517, 518, 520, 521, 524, 525, 526, 527, 534, 535, 540, 541, 542, 543, 544, 545, 546, 547, 548, 549, 550, 552, 553, 565, 566, 573, 574, 605, 606, 607, 619, 658, 659, 660, 661, 663, 688, 713, 714, 721, 722, 723, 724, 726, 727], "excluded_lines": [], "start_line": 1}}}}, "totals": {"covered_lines": 1567, "num_statements": 2369, "percent_covered": 66.14605318699873, "percent_covered_display": "66", "missing_lines": 802, "excluded_lines": 0, "percent_statements_covered": 66.14605318699873, "percent_statements_covered_display": "66"}}